2025-03-23 08:50:03,004 - INFO - Starting extraction of cifar-10-python.tar.gz
2025-03-23 08:50:04,128 - INFO - Extraction completed
2025-03-23 08:50:04,461 - INFO - Processed 1000 training images
2025-03-23 08:50:04,806 - INFO - Processed 2000 training images
2025-03-23 08:50:05,291 - INFO - Processed 3000 training images
2025-03-23 08:50:05,615 - INFO - Processed 4000 training images
2025-03-23 08:50:06,012 - INFO - Processed 5000 training images
2025-03-23 08:50:06,294 - INFO - Processed 6000 training images
2025-03-23 08:50:06,745 - INFO - Processed 7000 training images
2025-03-23 08:50:07,196 - INFO - Processed 8000 training images
2025-03-23 08:50:07,520 - INFO - Processed 9000 training images
2025-03-23 08:50:07,961 - INFO - Processed 10000 training images
2025-03-23 08:50:09,234 - INFO - Processed 11000 training images
2025-03-23 08:50:09,838 - INFO - Processed 12000 training images
2025-03-23 08:50:10,349 - INFO - Processed 13000 training images
2025-03-23 08:50:10,772 - INFO - Processed 14000 training images
2025-03-23 08:50:11,162 - INFO - Processed 15000 training images
2025-03-23 08:50:11,649 - INFO - Processed 16000 training images
2025-03-23 08:50:12,052 - INFO - Processed 17000 training images
2025-03-23 08:50:12,566 - INFO - Processed 18000 training images
2025-03-23 08:50:13,611 - INFO - Processed 19000 training images
2025-03-23 08:50:14,193 - INFO - Processed 20000 training images
2025-03-23 08:50:14,705 - INFO - Processed 21000 training images
2025-03-23 08:50:15,128 - INFO - Processed 22000 training images
2025-03-23 08:50:15,648 - INFO - Processed 23000 training images
2025-03-23 08:50:16,149 - INFO - Processed 24000 training images
2025-03-23 08:50:16,478 - INFO - Processed 25000 training images
2025-03-23 08:50:16,831 - INFO - Processed 26000 training images
2025-03-23 08:50:17,386 - INFO - Processed 27000 training images
2025-03-23 08:50:17,933 - INFO - Processed 28000 training images
2025-03-23 08:50:18,242 - INFO - Processed 29000 training images
2025-03-23 08:50:18,598 - INFO - Processed 30000 training images
2025-03-23 08:50:18,967 - INFO - Processed 31000 training images
2025-03-23 08:50:19,338 - INFO - Processed 32000 training images
2025-03-23 08:50:19,734 - INFO - Processed 33000 training images
2025-03-23 08:50:20,106 - INFO - Processed 34000 training images
2025-03-23 08:50:20,552 - INFO - Processed 35000 training images
2025-03-23 08:50:20,983 - INFO - Processed 36000 training images
2025-03-23 08:50:21,374 - INFO - Processed 37000 training images
2025-03-23 08:50:21,762 - INFO - Processed 38000 training images
2025-03-23 08:50:22,130 - INFO - Processed 39000 training images
2025-03-23 08:50:22,477 - INFO - Processed 40000 training images
2025-03-23 08:50:22,866 - INFO - Processed 41000 training images
2025-03-23 08:50:23,205 - INFO - Processed 42000 training images
2025-03-23 08:50:23,636 - INFO - Processed 43000 training images
2025-03-23 08:50:24,209 - INFO - Processed 44000 training images
2025-03-23 08:50:24,867 - INFO - Processed 45000 training images
2025-03-23 08:50:25,367 - INFO - Processed 46000 training images
2025-03-23 08:50:25,837 - INFO - Processed 47000 training images
2025-03-23 08:50:26,282 - INFO - Processed 48000 training images
2025-03-23 08:50:26,680 - INFO - Processed 49000 training images
2025-03-23 08:50:27,099 - INFO - Processed 50000 training images
2025-03-23 08:50:27,816 - INFO - Processed 51000 total images (including test)
2025-03-23 08:50:28,219 - INFO - Processed 52000 total images (including test)
2025-03-23 08:50:28,611 - INFO - Processed 53000 total images (including test)
2025-03-23 08:50:28,976 - INFO - Processed 54000 total images (including test)
2025-03-23 08:50:29,368 - INFO - Processed 55000 total images (including test)
2025-03-23 08:50:29,832 - INFO - Processed 56000 total images (including test)
2025-03-23 08:50:30,234 - INFO - Processed 57000 total images (including test)
2025-03-23 08:50:30,622 - INFO - Processed 58000 total images (including test)
2025-03-23 08:50:31,117 - INFO - Processed 59000 total images (including test)
2025-03-23 08:50:31,570 - INFO - Processed 60000 total images (including test)
2025-03-23 08:50:31,583 - INFO - Total 60000 images organized into cifar10_images
