INFO:__main__:Running experiment: v1_seed42
INFO:__main__:Updated params.yaml: version=v1, seed=42
INFO:__main__:Running experiment: v1_seed123
INFO:__main__:Updated params.yaml: version=v1, seed=123
INFO:__main__:Running experiment: v1_seed456
INFO:__main__:Updated params.yaml: version=v1, seed=456
INFO:__main__:Running experiment: v2_seed42
INFO:__main__:Updated params.yaml: version=v2, seed=42
INFO:__main__:Running experiment: v2_seed123
INFO:__main__:Updated params.yaml: version=v2, seed=123
INFO:__main__:Running experiment: v2_seed456
INFO:__main__:Updated params.yaml: version=v2, seed=456
INFO:__main__:Running experiment: v3_seed42
INFO:__main__:Updated params.yaml: version=v3, seed=42
INFO:__main__:Running experiment: v3_seed123
INFO:__main__:Updated params.yaml: version=v3, seed=123
INFO:__main__:Running experiment: v3_seed456
INFO:__main__:Updated params.yaml: version=v3, seed=456
INFO:__main__:Running experiment: v1+v2_seed42
INFO:__main__:Updated params.yaml: version=v1+v2, seed=42
INFO:__main__:Running experiment: v1+v2_seed123
INFO:__main__:Updated params.yaml: version=v1+v2, seed=123
INFO:__main__:Running experiment: v1+v2_seed456
INFO:__main__:Updated params.yaml: version=v1+v2, seed=456
INFO:__main__:Running experiment: v1+v2+v3_seed42
INFO:__main__:Updated params.yaml: version=v1+v2+v3, seed=42
INFO:__main__:Running experiment: v1+v2+v3_seed123
INFO:__main__:Updated params.yaml: version=v1+v2+v3, seed=123
INFO:__main__:Running experiment: v1+v2+v3_seed456
INFO:__main__:Updated params.yaml: version=v1+v2+v3, seed=456
INFO:__main__:All experiments completed
