2025-01-31 19:56:26 - Duplicate found - Headline: Economic Survey 2025 warns: US market correction may have 'cascading effect' on Indian stock market - her - Same day duplicate found - Similarity: 1.00
2025-01-31 19:56:26 - Duplicate found - Headline: Economic Survey 2025 warns: US market correction may have 'cascading effect' on Indian stock market - her - Same day duplicate found - Similarity: 1.00
2025-01-31 19:56:26 - Duplicate found - Headline: PM Modi attacks Sonia Gandhi: 'Royal family of Congress insulted President' - Same day duplicate found - Similarity: 1.00
2025-01-31 19:56:26 - Duplicate found - Headline: PM Modi attacks Sonia Gandhi: 'Royal family of Congress insulted President' - Same day duplicate found - Similarity: 1.00
2025-01-31 19:56:26 - Duplicate found - Headline: 7 Aam Aadmi Party MLAs quit party ahead of Delhi polls; several were denied ticket to contest elections - Same day duplicate found - Similarity: 1.00
2025-01-31 19:56:26 - Duplicate found - Headline: 7 Aam Aadmi Party MLAs quit party ahead of Delhi polls; several were denied ticket to contest elections - Same day duplicate found - Similarity: 1.00
2025-01-31 19:56:26 - Duplicate found - Headline: Economic Survey gives a whole new twist to working hours debate - Same day duplicate found - Similarity: 1.00
2025-01-31 19:56:26 - Duplicate found - Headline: Economic Survey gives a whole new twist to working hours debate - Same day duplicate found - Similarity: 1.00
2025-01-31 19:56:26 - Duplicate found - Headline: ‘Say goodbye to America, find another s****r’: Trump threatens 100% tariffs on India, BRICS for ditching US dollar - Same day duplicate found - Similarity: 1.00
2025-01-31 19:56:26 - Duplicate found - Headline: ‘Say goodbye to America, find another s****r’: Trump threatens 100% tariffs on India, BRICS for ditching US dollar - Same day duplicate found - Similarity: 1.00
2025-01-31 19:56:26 - Duplicate found - Headline: Budget 2025 expectations highlights: What India wants from FM Nirmala Sitharaman on February 1 - Same day duplicate found - Similarity: 1.00
2025-01-31 19:56:26 - Duplicate found - Headline: Budget 2025 expectations highlights: What India wants from FM Nirmala Sitharaman on February 1 - Same day duplicate found - Similarity: 1.00
2025-01-31 19:56:26 - Duplicate found - Headline: Kejriwal reaches EC office, alleges poll body 'shooting the messenger' - Same day duplicate found - Similarity: 1.00
2025-01-31 19:56:26 - Duplicate found - Headline: Kejriwal reaches EC office, alleges poll body 'shooting the messenger' - Same day duplicate found - Similarity: 1.00
2025-01-31 19:56:26 - Duplicate found - Headline: Plane crash in Washington DC kills all 67 onboard; teen figure skaters, group of hunters and students among victims - Same day duplicate found - Similarity: 1.00
2025-01-31 19:56:26 - Duplicate found - Headline: Plane crash in Washington DC kills all 67 onboard; teen figure skaters, group of hunters and students among victims - Same day duplicate found - Similarity: 1.00
2025-01-31 19:56:26 - Duplicate found - Headline: Day after Maha Kumbh stampede: VIP passes cancelled, no-vehicle zone, curbs on routes - Same day duplicate found - Similarity: 1.00
2025-01-31 19:56:26 - Duplicate found - Headline: Day after Maha Kumbh stampede: VIP passes cancelled, no-vehicle zone, curbs on routes - Same day duplicate found - Similarity: 1.00
2025-01-31 19:56:26 - Duplicate found - Headline: Unmasking Guillain-Barré Syndrome: revelations from studies at NIMHANS - Same day duplicate found - Similarity: 1.00
2025-01-31 19:56:26 - Duplicate found - Headline: Unmasking Guillain-Barré Syndrome: revelations from studies at NIMHANS - Same day duplicate found - Similarity: 1.00
2025-01-31 19:56:26 - Duplicate found - Headline: Mini deal, macro focus: PM Modi to talk trade in US - Same day duplicate found - Similarity: 1.00
2025-01-31 19:56:26 - Duplicate found - Headline: Mini deal, macro focus: PM Modi to talk trade in US - Same day duplicate found - Similarity: 1.00
2025-01-31 19:56:26 - Duplicate found - Headline: Israel Suspends Prisoner Swap After Hostages Walked Through Crowds In Gaza: 'Shocking Scenes' - Same day duplicate found - Similarity: 1.00
2025-01-31 19:56:26 - Duplicate found - Headline: Israel Suspends Prisoner Swap After Hostages Walked Through Crowds In Gaza: 'Shocking Scenes' - Same day duplicate found - Similarity: 1.00
2025-01-31 19:56:26 - Duplicate found - Headline: Budget 2025: Did PM Narendra Modi hint at income tax relief for the middle class? - Same day duplicate found - Similarity: 1.00
2025-01-31 19:56:26 - Duplicate found - Headline: Budget 2025: Did PM Narendra Modi hint at income tax relief for the middle class? - Same day duplicate found - Similarity: 1.00
2025-01-31 19:56:26 - Duplicate found - Headline: High time to save moral values: Allahabad High Court on live-in relationships - Same day duplicate found - Similarity: 1.00
2025-01-31 19:56:26 - Duplicate found - Headline: High time to save moral values: Allahabad High Court on live-in relationships - Same day duplicate found - Similarity: 1.00
2025-01-31 19:56:26 - Duplicate found - Headline: Delhi Election 2025: Can BJP rock AAP's boat? Check latest Phalodi Satta Bazar prediction - Same day duplicate found - Similarity: 1.00
2025-01-31 19:56:26 - Duplicate found - Headline: Delhi Election 2025: Can BJP rock AAP's boat? Check latest Phalodi Satta Bazar prediction - Same day duplicate found - Similarity: 1.00
2025-01-31 19:56:26 - Duplicate found - Headline: Who is Shubhanshu Shukla, IAF officer set to take India to International Space Station for first time? - Same day duplicate found - Similarity: 1.00
2025-01-31 19:56:26 - Duplicate found - Headline: Who is Shubhanshu Shukla, IAF officer set to take India to International Space Station for first time? - Same day duplicate found - Similarity: 1.00
2025-01-31 19:56:26 - Duplicate found - Headline: Madras HC says T.N. Home Secretary must appear before it or face arrest warrant - Same day duplicate found - Similarity: 1.00
2025-01-31 19:56:26 - Duplicate found - Headline: Madras HC says T.N. Home Secretary must appear before it or face arrest warrant - Same day duplicate found - Similarity: 1.00
2025-01-31 19:56:26 - Duplicate found - Headline: India vs England LIVE Cricket Score, 4th T20I: ENG opts to bowl first vs IND in Pune - Same day duplicate found - Similarity: 1.00
2025-01-31 19:56:26 - Duplicate found - Headline: India vs England LIVE Cricket Score, 4th T20I: ENG opts to bowl first vs IND in Pune - Same day duplicate found - Similarity: 1.00
2025-01-31 19:56:26 - Duplicate found - Headline: Delhi air pollution: GRAP 3 curbs invoked in Delhi-NCR due to unfavourable meteorological conditions - Same day duplicate found - Similarity: 1.00
2025-01-31 19:56:26 - Duplicate found - Headline: Delhi air pollution: GRAP 3 curbs invoked in Delhi-NCR due to unfavourable meteorological conditions - Same day duplicate found - Similarity: 1.00
2025-01-31 19:56:26 - Duplicate found - Headline: After cross-voting by 3 councillors, BJPs Harpreet Babla is new Mayor of Chandigarh - Same day duplicate found - Similarity: 1.00
2025-01-31 19:56:26 - Duplicate found - Headline: After cross-voting by 3 councillors, BJPs Harpreet Babla is new Mayor of Chandigarh - Same day duplicate found - Similarity: 1.00
2025-01-31 19:56:26 - Duplicate found - Headline: IMD Rain Alert: Signs of rain on 2 and 3 February, cold will increase due to falling temperature - Same day duplicate found - Similarity: 1.00
2025-01-31 19:56:26 - Duplicate found - Headline: IMD Rain Alert: Signs of rain on 2 and 3 February, cold will increase due to falling temperature - Same day duplicate found - Similarity: 1.00
2025-01-31 19:56:26 - Duplicate found - Headline: Traffic restrictions on Chennai airport-ECR route for Vice President’s visit - Same day duplicate found - Similarity: 1.00
2025-01-31 19:56:26 - Duplicate found - Headline: Traffic restrictions on Chennai airport-ECR route for Vice President’s visit - Same day duplicate found - Similarity: 1.00
2025-01-31 19:56:26 - Duplicate found - Headline: RINL-Visakhapatnam Steel will not be privatised, says Steel Minister Kumaraswamy in Vizag - Same day duplicate found - Similarity: 1.00
2025-01-31 19:56:26 - Duplicate found - Headline: RINL-Visakhapatnam Steel will not be privatised, says Steel Minister Kumaraswamy in Vizag - Same day duplicate found - Similarity: 1.00
2025-01-31 19:56:26 - Duplicate found - Headline: Caste-Based Abuse Within Chamber Of Govt Officer When No One Else Was Present Not SC/ST Act Offence :... - Same day duplicate found - Similarity: 1.00
2025-01-31 19:56:26 - Duplicate found - Headline: Caste-Based Abuse Within Chamber Of Govt Officer When No One Else Was Present Not SC/ST Act Offence :... - Same day duplicate found - Similarity: 1.00
2025-01-31 19:56:26 - Duplicate found - Headline: Kerala teen’s death sparks outrage, mother says schoolmates bullied, beat him up - Same day duplicate found - Similarity: 1.00
2025-01-31 19:56:26 - Duplicate found - Headline: Kerala teen’s death sparks outrage, mother says schoolmates bullied, beat him up - Same day duplicate found - Similarity: 1.00
2025-01-31 19:56:26 - Duplicate found - Headline: Kejriwal lies just like Modi, but is more cunning, says Rahul Gandhi - Same day duplicate found - Similarity: 1.00
2025-01-31 19:56:26 - Duplicate found - Headline: Kejriwal lies just like Modi, but is more cunning, says Rahul Gandhi - Same day duplicate found - Similarity: 1.00
2025-01-31 19:56:26 - Duplicate found - Headline: India set up the U19WC 2025 final against South Africa with a dominant win over England - Same day duplicate found - Similarity: 1.00
2025-01-31 19:56:26 - Duplicate found - Headline: India set up the U19WC 2025 final against South Africa with a dominant win over England - Same day duplicate found - Similarity: 1.00
2025-01-31 19:56:26 - Duplicate found - Headline: Kinnar Akhara head expels Mamta Kulkarni, Laxmi Naarayan Tripathi for ‘treason’ - Same day duplicate found - Similarity: 1.00
2025-01-31 19:56:26 - Duplicate found - Headline: Kinnar Akhara head expels Mamta Kulkarni, Laxmi Naarayan Tripathi for ‘treason’ - Same day duplicate found - Similarity: 1.00
2025-01-31 19:56:26 - Duplicate found - Headline: Delhi polls: Police seizes vehicle labelled ‘Punjab government’ with cash, liquor; AAP calls it ‘planted stunt’ - Same day duplicate found - Similarity: 1.00
2025-01-31 19:56:26 - Duplicate found - Headline: Delhi polls: Police seizes vehicle labelled ‘Punjab government’ with cash, liquor; AAP calls it ‘planted stunt’ - Same day duplicate found - Similarity: 1.00
2025-01-31 19:56:26 - Duplicate found - Headline: Virat Kohli clean bowled: Who is Himanshu Sangwan, who ruined India superstar's Ranji Trophy return - Same day duplicate found - Similarity: 1.00
2025-01-31 19:56:26 - Duplicate found - Headline: Virat Kohli clean bowled: Who is Himanshu Sangwan, who ruined India superstar's Ranji Trophy return - Same day duplicate found - Similarity: 1.00
2025-01-31 19:56:26 - Duplicate found - Headline: Nifty futures’ combined open interest hits seven-year high ahead of Budget, RBI MPC meet - Same day duplicate found - Similarity: 1.00
2025-01-31 19:56:26 - Duplicate found - Headline: Nifty futures’ combined open interest hits seven-year high ahead of Budget, RBI MPC meet - Same day duplicate found - Similarity: 1.00
2025-01-31 19:56:26 - Duplicate found - Headline: Attack on Saif Ali Khan: Forensic report confirms identity of alleged assailant - Same day duplicate found - Similarity: 1.00
2025-01-31 19:56:26 - Duplicate found - Headline: Attack on Saif Ali Khan: Forensic report confirms identity of alleged assailant - Same day duplicate found - Similarity: 1.00
2025-01-31 19:56:26 - Duplicate found - Headline: Deva Movie Review: Shahid Kapoor, Pooja Hegde's Thriller Blends Grit, Action And Intrigue - Same day duplicate found - Similarity: 1.00
2025-01-31 19:56:26 - Duplicate found - Headline: Deva Movie Review: Shahid Kapoor, Pooja Hegde's Thriller Blends Grit, Action And Intrigue - Same day duplicate found - Similarity: 1.00
2025-01-31 19:56:26 - Duplicate found - Headline: Pushpa 2 Worldwide Closing Box Office: Allu Arjun's Mega Blockbuster is Biggest Grosser in India - Same day duplicate found - Similarity: 1.00
2025-01-31 19:56:26 - Duplicate found - Headline: Pushpa 2 Worldwide Closing Box Office: Allu Arjun's Mega Blockbuster is Biggest Grosser in India - Same day duplicate found - Similarity: 1.00
2025-01-31 19:56:26 - Duplicate found - Headline: Gold price hits all-time high in Chennai, sovereign costs Rs 61,840 on Jan 31 - Same day duplicate found - Similarity: 1.00
2025-01-31 19:56:26 - Duplicate found - Headline: Gold price hits all-time high in Chennai, sovereign costs Rs 61,840 on Jan 31 - Same day duplicate found - Similarity: 1.00
2025-01-31 19:56:26 - Duplicate found - Headline: Nithin Kamaths Advice To Retail Traders Ahead Of FM Sitharamans Budget Speech - Same day duplicate found - Similarity: 1.00
2025-01-31 19:56:26 - Duplicate found - Headline: Nithin Kamaths Advice To Retail Traders Ahead Of FM Sitharamans Budget Speech - Same day duplicate found - Similarity: 1.00
2025-01-31 19:56:26 - Duplicate found - Headline: Bharat Electronics Q3 Results 2025 on 31 Jan, 2025: profit rise by 52.51% YOY, profit at ₹1310.95 crore and revenue at ₹5770.69 crore - Same day duplicate found - Similarity: 1.00
2025-01-31 19:56:26 - Duplicate found - Headline: Bharat Electronics Q3 Results 2025 on 31 Jan, 2025: profit rise by 52.51% YOY, profit at ₹1310.95 crore and revenue at ₹5770.69 crore - Same day duplicate found - Similarity: 1.00
2025-01-31 19:56:26 - Duplicate found - Headline: Ola Electric launches Gen 3 range of scooters: Check prices, specifications - Same day duplicate found - Similarity: 1.00
2025-01-31 19:56:26 - Duplicate found - Headline: Ola Electric launches Gen 3 range of scooters: Check prices, specifications - Same day duplicate found - Similarity: 1.00
2025-01-31 19:56:26 - Duplicate found - Headline: Bombay High Court appoints ex-Supreme Court judge to mediate dispute between Lodha brothers - Same day duplicate found - Similarity: 1.00
2025-01-31 19:56:26 - Duplicate found - Headline: Bombay High Court appoints ex-Supreme Court judge to mediate dispute between Lodha brothers - Same day duplicate found - Similarity: 1.00
2025-01-31 19:56:26 - Duplicate found - Headline: Bank of Baroda shares fall 5% as brokerages cut target price on Q3 miss - Same day duplicate found - Similarity: 1.00
2025-01-31 19:56:26 - Duplicate found - Headline: Bank of Baroda shares fall 5% as brokerages cut target price on Q3 miss - Same day duplicate found - Similarity: 1.00
2025-01-31 19:56:26 - Duplicate found - Headline: L&T share price jumps 5% after Q3 results. Should you buy, sell or hold? - Same day duplicate found - Similarity: 1.00
2025-01-31 19:56:26 - Duplicate found - Headline: L&T share price jumps 5% after Q3 results. Should you buy, sell or hold? - Same day duplicate found - Similarity: 1.00
2025-01-31 19:56:26 - Duplicate found - Headline: Waaree Energies share price soars 14% after net profit jumps 260% in Q3 - Same day duplicate found - Similarity: 1.00
2025-01-31 19:56:26 - Duplicate found - Headline: Waaree Energies share price soars 14% after net profit jumps 260% in Q3 - Same day duplicate found - Similarity: 1.00
2025-01-31 19:56:26 - Duplicate found - Headline: Birthright citizenship was for children of slaves, not for world to 'pile' into US: Donald Trump - Same day duplicate found - Similarity: 1.00
2025-01-31 19:56:26 - Duplicate found - Headline: Birthright citizenship was for children of slaves, not for world to 'pile' into US: Donald Trump - Same day duplicate found - Similarity: 1.00
2025-01-31 19:56:26 - Duplicate found - Headline: Vedanta Q3 results: Net profit jumps 77% to Rs 3,547 crore - Same day duplicate found - Similarity: 1.00
2025-01-31 19:56:26 - Duplicate found - Headline: Vedanta Q3 results: Net profit jumps 77% to Rs 3,547 crore - Same day duplicate found - Similarity: 1.00
2025-01-31 19:56:26 - Duplicate found - Headline: An analyst cuts Kalyan Jewellers share price target after the stock falls 45% from peak - Same day duplicate found - Similarity: 1.00
2025-01-31 19:56:26 - Duplicate found - Headline: An analyst cuts Kalyan Jewellers share price target after the stock falls 45% from peak - Same day duplicate found - Similarity: 1.00
2025-01-31 19:56:26 - Duplicate found - Headline: Locuz, Jio, NxtGen, E2E, to get headstart in supplying GPUs - Same day duplicate found - Similarity: 1.00
2025-01-31 19:56:26 - Duplicate found - Headline: Locuz, Jio, NxtGen, E2E, to get headstart in supplying GPUs - Same day duplicate found - Similarity: 1.00
2025-01-31 19:56:26 - Duplicate found - Headline: IndusInd Bank Q3 Results: Standalone PAT declines 39% YoY to Rs 1,401 crore, but beats estimates - Same day duplicate found - Similarity: 1.00
2025-01-31 19:56:26 - Duplicate found - Headline: IndusInd Bank Q3 Results: Standalone PAT declines 39% YoY to Rs 1,401 crore, but beats estimates - Same day duplicate found - Similarity: 1.00
2025-01-31 19:56:26 - Duplicate found - Headline: Monalisa, 16-year-old viral girl at Mahakumbh, bags lead role in Hindi film: ‘Mehnat karungi’ - Same day duplicate found - Similarity: 1.00
2025-01-31 19:56:26 - Duplicate found - Headline: Monalisa, 16-year-old viral girl at Mahakumbh, bags lead role in Hindi film: ‘Mehnat karungi’ - Same day duplicate found - Similarity: 1.00
2025-01-31 19:56:26 - Duplicate found - Headline: OFFICIAL: Real Madrid face Manchester City in UEFA Champions League playoff round - Same day duplicate found - Similarity: 1.00
2025-01-31 19:56:26 - Duplicate found - Headline: OFFICIAL: Real Madrid face Manchester City in UEFA Champions League playoff round - Same day duplicate found - Similarity: 1.00
2025-01-31 19:56:26 - Duplicate found - Headline: 5 Things to Know About Apple's Performance in India From CEO Tim Cook's Q4 Results Call - Same day duplicate found - Similarity: 1.00
2025-01-31 19:56:26 - Duplicate found - Headline: 5 Things to Know About Apple's Performance in India From CEO Tim Cook's Q4 Results Call - Same day duplicate found - Similarity: 1.00
2025-01-31 19:56:26 - Duplicate found - Headline: Economic Survey 2025 LIVE: Proposal for 'health tax' on ultra-processed foods - Same day duplicate found - Similarity: 1.00
2025-01-31 19:56:26 - Duplicate found - Headline: Economic Survey 2025 LIVE: Proposal for 'health tax' on ultra-processed foods - Same day duplicate found - Similarity: 1.00
2025-01-31 19:56:26 - Duplicate found - Headline: Shardul Thakur, the gift that keeps on giving - Same day duplicate found - Similarity: 1.00
2025-01-31 19:56:26 - Duplicate found - Headline: Shardul Thakur, the gift that keeps on giving - Same day duplicate found - Similarity: 1.00
2025-01-31 19:56:26 - Duplicate found - Headline: Champions Trophy: Rohit Sharma not to travel to Pakistan for photoshoot - Same day duplicate found - Similarity: 1.00
2025-01-31 19:56:26 - Duplicate found - Headline: Champions Trophy: Rohit Sharma not to travel to Pakistan for photoshoot - Same day duplicate found - Similarity: 1.00
2025-01-31 19:56:26 - Duplicate found - Headline: Jindal Steel and Power share price declines 13% post Q3 results: Do you own it? - Same day duplicate found - Similarity: 1.00
2025-01-31 19:56:26 - Duplicate found - Headline: Jindal Steel and Power share price declines 13% post Q3 results: Do you own it? - Same day duplicate found - Similarity: 1.00
2025-01-31 19:56:26 - Duplicate found - Headline: Key batter ruled out as Pakistan name ICC Men’s Champions Trophy 2025 squad - Same day duplicate found - Similarity: 1.00
2025-01-31 19:56:26 - Duplicate found - Headline: Key batter ruled out as Pakistan name ICC Men’s Champions Trophy 2025 squad - Same day duplicate found - Similarity: 1.00
2025-01-31 19:56:26 - Duplicate found - Headline: Sky Force Box Office Day 7: Misses 100 Crore Club, Fails To Beat Akshay Kumar's Fastest Record Made 2251 Days Ago! - Same day duplicate found - Similarity: 1.00
2025-01-31 19:56:26 - Duplicate found - Headline: Sky Force Box Office Day 7: Misses 100 Crore Club, Fails To Beat Akshay Kumar's Fastest Record Made 2251 Days Ago! - Same day duplicate found - Similarity: 1.00
2025-01-31 19:56:26 - Duplicate found - Headline: Mumbai Indians owners win bid for 49% stake in Oval Invincibles - Same day duplicate found - Similarity: 1.00
2025-01-31 19:56:26 - Duplicate found - Headline: Mumbai Indians owners win bid for 49% stake in Oval Invincibles - Same day duplicate found - Similarity: 1.00
2025-01-31 19:56:26 - Duplicate found - Headline: GAIL Q3 Results: Stock rises despite missing estimates on EBITDA, margin front - Same day duplicate found - Similarity: 1.00
2025-01-31 19:56:26 - Duplicate found - Headline: GAIL Q3 Results: Stock rises despite missing estimates on EBITDA, margin front - Same day duplicate found - Similarity: 1.00
2025-01-31 19:56:26 - Duplicate found - Headline: Adani Enterprises Q3 Results: Profit falls 97% YoY to Rs 58 crore - Same day duplicate found - Similarity: 1.00
2025-01-31 19:56:26 - Duplicate found - Headline: Adani Enterprises Q3 Results: Profit falls 97% YoY to Rs 58 crore - Same day duplicate found - Similarity: 1.00
2025-01-31 19:56:26 - Duplicate found - Headline: Buy or sell: Vaishali Parekh recommends three stocks to buy today —January 31, 2025 - Same day duplicate found - Similarity: 1.00
2025-01-31 19:56:26 - Duplicate found - Headline: Buy or sell: Vaishali Parekh recommends three stocks to buy today —January 31, 2025 - Same day duplicate found - Similarity: 1.00
2025-01-31 19:56:26 - Duplicate found - Headline: Injury sees key Australia all-rounder ruled out of Champions Trophy - Same day duplicate found - Similarity: 1.00
2025-01-31 19:56:26 - Duplicate found - Headline: Injury sees key Australia all-rounder ruled out of Champions Trophy - Same day duplicate found - Similarity: 1.00
2025-01-31 19:56:26 - Duplicate found - Headline: Biocon Q3 results: All business segments grow; EBITDA up 16%, revenue rises 7% - Same day duplicate found - Similarity: 1.00
2025-01-31 19:56:26 - Duplicate found - Headline: Biocon Q3 results: All business segments grow; EBITDA up 16%, revenue rises 7% - Same day duplicate found - Similarity: 1.00
2025-01-31 19:56:26 - Duplicate found - Headline: Tata Consumer Products Q3 Results: Revenue rises 17% but margin narrows on higher costs - Same day duplicate found - Similarity: 1.00
2025-01-31 19:56:26 - Duplicate found - Headline: Tata Consumer Products Q3 Results: Revenue rises 17% but margin narrows on higher costs - Same day duplicate found - Similarity: 1.00
2025-01-31 19:56:26 - Duplicate found - Headline: Tata Motors shares under pressure after Q3 miss, guidance cut. What should investors do? - Same day duplicate found - Similarity: 1.00
2025-01-31 19:56:26 - Duplicate found - Headline: Tata Motors shares under pressure after Q3 miss, guidance cut. What should investors do? - Same day duplicate found - Similarity: 1.00
2025-01-31 19:56:26 - Duplicate found - Headline: Elon Musk is sleeping in DOGE office in Washington: Report - Same day duplicate found - Similarity: 1.00
2025-01-31 19:56:26 - Duplicate found - Headline: Elon Musk is sleeping in DOGE office in Washington: Report - Same day duplicate found - Similarity: 1.00
2025-01-31 19:56:26 - Duplicate found - Headline: South Africa beat Australia to qualify for U19WC 2025 decider - Same day duplicate found - Similarity: 1.00
2025-01-31 19:56:26 - Duplicate found - Headline: South Africa beat Australia to qualify for U19WC 2025 decider - Same day duplicate found - Similarity: 1.00
2025-01-31 19:56:26 - Duplicate found - Headline: Newly Discovered Asteroid Has a Real Chance of Hitting Earth in 2032, Scientists Say - Same day duplicate found - Similarity: 1.00
2025-01-31 19:56:26 - Duplicate found - Headline: Newly Discovered Asteroid Has a Real Chance of Hitting Earth in 2032, Scientists Say - Same day duplicate found - Similarity: 1.00
2025-01-31 19:56:26 - Duplicate found - Headline: Economic Survey 2025 warns: US market correction may have 'cascading effect' on Indian stock market - her - Same day duplicate found - Similarity: 1.00
2025-01-31 19:56:26 - Duplicate found - Headline: Economic Survey 2025 warns: US market correction may have 'cascading effect' on Indian stock market - her - Same day duplicate found - Similarity: 1.00
2025-01-31 19:56:26 - Duplicate found - Headline: PM Modi attacks Sonia Gandhi: 'Royal family of Congress insulted President' - Same day duplicate found - Similarity: 1.00
2025-01-31 19:56:26 - Duplicate found - Headline: PM Modi attacks Sonia Gandhi: 'Royal family of Congress insulted President' - Same day duplicate found - Similarity: 1.00
2025-01-31 19:56:26 - Duplicate found - Headline: 7 Aam Aadmi Party MLAs quit party ahead of Delhi polls; several were denied ticket to contest elections - Same day duplicate found - Similarity: 1.00
2025-01-31 19:56:26 - Duplicate found - Headline: 7 Aam Aadmi Party MLAs quit party ahead of Delhi polls; several were denied ticket to contest elections - Same day duplicate found - Similarity: 1.00
2025-01-31 19:56:26 - Duplicate found - Headline: Economic Survey gives a whole new twist to working hours debate - Same day duplicate found - Similarity: 1.00
2025-01-31 19:56:26 - Duplicate found - Headline: Economic Survey gives a whole new twist to working hours debate - Same day duplicate found - Similarity: 1.00
2025-01-31 19:56:26 - Duplicate found - Headline: ‘Say goodbye to America, find another s****r’: Trump threatens 100% tariffs on India, BRICS for ditching US dollar - Same day duplicate found - Similarity: 1.00
2025-01-31 19:56:26 - Duplicate found - Headline: ‘Say goodbye to America, find another s****r’: Trump threatens 100% tariffs on India, BRICS for ditching US dollar - Same day duplicate found - Similarity: 1.00
2025-01-31 19:56:27 - Duplicate found - Headline: Kejriwal reaches EC office, alleges poll body 'shooting the messenger' - Same day duplicate found - Similarity: 1.00
2025-01-31 19:56:27 - Duplicate found - Headline: Kejriwal reaches EC office, alleges poll body 'shooting the messenger' - Same day duplicate found - Similarity: 1.00
2025-01-31 19:56:27 - Duplicate found - Headline: Day after Maha Kumbh stampede: VIP passes cancelled, no-vehicle zone, curbs on routes - Same day duplicate found - Similarity: 1.00
2025-01-31 19:56:27 - Duplicate found - Headline: Day after Maha Kumbh stampede: VIP passes cancelled, no-vehicle zone, curbs on routes - Same day duplicate found - Similarity: 1.00
2025-01-31 19:56:27 - Duplicate found - Headline: Unmasking Guillain-Barré Syndrome: revelations from studies at NIMHANS - Same day duplicate found - Similarity: 1.00
2025-01-31 19:56:27 - Duplicate found - Headline: Unmasking Guillain-Barré Syndrome: revelations from studies at NIMHANS - Same day duplicate found - Similarity: 1.00
2025-01-31 19:56:27 - Duplicate found - Headline: Mini deal, macro focus: PM Modi to talk trade in US - Same day duplicate found - Similarity: 1.00
2025-01-31 19:56:27 - Duplicate found - Headline: Mini deal, macro focus: PM Modi to talk trade in US - Same day duplicate found - Similarity: 1.00
2025-01-31 19:56:27 - Duplicate found - Headline: Israel Suspends Prisoner Swap After Hostages Walked Through Crowds In Gaza: 'Shocking Scenes' - Same day duplicate found - Similarity: 1.00
2025-01-31 19:56:27 - Duplicate found - Headline: Israel Suspends Prisoner Swap After Hostages Walked Through Crowds In Gaza: 'Shocking Scenes' - Same day duplicate found - Similarity: 1.00
2025-01-31 19:56:27 - Duplicate found - Headline: High time to save moral values: Allahabad High Court on live-in relationships - Same day duplicate found - Similarity: 1.00
2025-01-31 19:56:27 - Duplicate found - Headline: High time to save moral values: Allahabad High Court on live-in relationships - Same day duplicate found - Similarity: 1.00
2025-01-31 19:56:27 - Duplicate found - Headline: Delhi Election 2025: Can BJP rock AAP's boat? Check latest Phalodi Satta Bazar prediction - Same day duplicate found - Similarity: 1.00
2025-01-31 19:56:27 - Duplicate found - Headline: Delhi Election 2025: Can BJP rock AAP's boat? Check latest Phalodi Satta Bazar prediction - Same day duplicate found - Similarity: 1.00
2025-01-31 19:56:27 - Duplicate found - Headline: Who is Shubhanshu Shukla, IAF officer set to take India to International Space Station for first time? - Same day duplicate found - Similarity: 1.00
2025-01-31 19:56:27 - Duplicate found - Headline: Who is Shubhanshu Shukla, IAF officer set to take India to International Space Station for first time? - Same day duplicate found - Similarity: 1.00
2025-01-31 19:56:27 - Duplicate found - Headline: Madras HC says T.N. Home Secretary must appear before it or face arrest warrant - Same day duplicate found - Similarity: 1.00
2025-01-31 19:56:27 - Duplicate found - Headline: Madras HC says T.N. Home Secretary must appear before it or face arrest warrant - Same day duplicate found - Similarity: 1.00
2025-01-31 19:56:28 - Duplicate found - Headline: Delhi air pollution: GRAP 3 curbs invoked in Delhi-NCR due to unfavourable meteorological conditions - Same day duplicate found - Similarity: 1.00
2025-01-31 19:56:28 - Duplicate found - Headline: Delhi air pollution: GRAP 3 curbs invoked in Delhi-NCR due to unfavourable meteorological conditions - Same day duplicate found - Similarity: 1.00
2025-01-31 19:56:28 - Duplicate found - Headline: After cross-voting by 3 councillors, BJPs Harpreet Babla is new Mayor of Chandigarh - Same day duplicate found - Similarity: 1.00
2025-01-31 19:56:28 - Duplicate found - Headline: After cross-voting by 3 councillors, BJPs Harpreet Babla is new Mayor of Chandigarh - Same day duplicate found - Similarity: 1.00
2025-01-31 19:56:28 - Duplicate found - Headline: IMD Rain Alert: Signs of rain on 2 and 3 February, cold will increase due to falling temperature - Same day duplicate found - Similarity: 1.00
2025-01-31 19:56:28 - Duplicate found - Headline: IMD Rain Alert: Signs of rain on 2 and 3 February, cold will increase due to falling temperature - Same day duplicate found - Similarity: 1.00
2025-01-31 19:56:28 - Duplicate found - Headline: Traffic restrictions on Chennai airport-ECR route for Vice President’s visit - Same day duplicate found - Similarity: 1.00
2025-01-31 19:56:28 - Duplicate found - Headline: Traffic restrictions on Chennai airport-ECR route for Vice President’s visit - Same day duplicate found - Similarity: 1.00
2025-01-31 19:56:28 - Duplicate found - Headline: RINL-Visakhapatnam Steel will not be privatised, says Steel Minister Kumaraswamy in Vizag - Same day duplicate found - Similarity: 1.00
2025-01-31 19:56:28 - Duplicate found - Headline: RINL-Visakhapatnam Steel will not be privatised, says Steel Minister Kumaraswamy in Vizag - Same day duplicate found - Similarity: 1.00
2025-01-31 19:56:28 - Duplicate found - Headline: Caste-Based Abuse Within Chamber Of Govt Officer When No One Else Was Present Not SC/ST Act Offence :... - Same day duplicate found - Similarity: 1.00
2025-01-31 19:56:28 - Duplicate found - Headline: Caste-Based Abuse Within Chamber Of Govt Officer When No One Else Was Present Not SC/ST Act Offence :... - Same day duplicate found - Similarity: 1.00
2025-01-31 19:56:28 - Duplicate found - Headline: Kerala teen’s death sparks outrage, mother says schoolmates bullied, beat him up - Same day duplicate found - Similarity: 1.00
2025-01-31 19:56:28 - Duplicate found - Headline: Kerala teen’s death sparks outrage, mother says schoolmates bullied, beat him up - Same day duplicate found - Similarity: 1.00
2025-01-31 19:56:28 - Duplicate found - Headline: India set up the U19WC 2025 final against South Africa with a dominant win over England - Same day duplicate found - Similarity: 1.00
2025-01-31 19:56:28 - Duplicate found - Headline: India set up the U19WC 2025 final against South Africa with a dominant win over England - Same day duplicate found - Similarity: 1.00
2025-01-31 19:56:28 - Duplicate found - Headline: Kinnar Akhara head expels Mamta Kulkarni, Laxmi Naarayan Tripathi for ‘treason’ - Same day duplicate found - Similarity: 1.00
2025-01-31 19:56:28 - Duplicate found - Headline: Kinnar Akhara head expels Mamta Kulkarni, Laxmi Naarayan Tripathi for ‘treason’ - Same day duplicate found - Similarity: 1.00
2025-01-31 19:56:28 - Duplicate found - Headline: Kejriwal lies just like Modi, but is more cunning, says Rahul Gandhi - Same day duplicate found - Similarity: 1.00
2025-01-31 19:56:28 - Duplicate found - Headline: Kejriwal lies just like Modi, but is more cunning, says Rahul Gandhi - Same day duplicate found - Similarity: 1.00
2025-01-31 19:56:28 - Duplicate found - Headline: Delhi polls: Police seizes vehicle labelled ‘Punjab government’ with cash, liquor; AAP calls it ‘planted stunt’ - Same day duplicate found - Similarity: 1.00
2025-01-31 19:56:28 - Duplicate found - Headline: Delhi polls: Police seizes vehicle labelled ‘Punjab government’ with cash, liquor; AAP calls it ‘planted stunt’ - Same day duplicate found - Similarity: 1.00
2025-01-31 19:56:28 - Duplicate found - Headline: Virat Kohli clean bowled: Who is Himanshu Sangwan, who ruined India superstar's Ranji Trophy return - Same day duplicate found - Similarity: 1.00
2025-01-31 19:56:28 - Duplicate found - Headline: Virat Kohli clean bowled: Who is Himanshu Sangwan, who ruined India superstar's Ranji Trophy return - Same day duplicate found - Similarity: 1.00
2025-01-31 19:56:28 - Duplicate found - Headline: Nifty futures’ combined open interest hits seven-year high ahead of Budget, RBI MPC meet - Same day duplicate found - Similarity: 1.00
2025-01-31 19:56:28 - Duplicate found - Headline: Nifty futures’ combined open interest hits seven-year high ahead of Budget, RBI MPC meet - Same day duplicate found - Similarity: 1.00
2025-01-31 19:56:28 - Duplicate found - Headline: Pushpa 2 Worldwide Closing Box Office: Allu Arjun's Mega Blockbuster is Biggest Grosser in India - Same day duplicate found - Similarity: 1.00
2025-01-31 19:56:28 - Duplicate found - Headline: Pushpa 2 Worldwide Closing Box Office: Allu Arjun's Mega Blockbuster is Biggest Grosser in India - Same day duplicate found - Similarity: 1.00
2025-01-31 19:56:28 - Duplicate found - Headline: Gold price hits all-time high in Chennai, sovereign costs Rs 61,840 on Jan 31 - Same day duplicate found - Similarity: 1.00
2025-01-31 19:56:28 - Duplicate found - Headline: Gold price hits all-time high in Chennai, sovereign costs Rs 61,840 on Jan 31 - Same day duplicate found - Similarity: 1.00
2025-01-31 19:56:28 - Duplicate found - Headline: Nithin Kamaths Advice To Retail Traders Ahead Of FM Sitharamans Budget Speech - Same day duplicate found - Similarity: 1.00
2025-01-31 19:56:28 - Duplicate found - Headline: Nithin Kamaths Advice To Retail Traders Ahead Of FM Sitharamans Budget Speech - Same day duplicate found - Similarity: 1.00
2025-01-31 19:56:30 - Duplicate found - Headline: Bombay High Court appoints ex-Supreme Court judge to mediate dispute between Lodha brothers - Same day duplicate found - Similarity: 1.00
2025-01-31 19:56:30 - Duplicate found - Headline: Bombay High Court appoints ex-Supreme Court judge to mediate dispute between Lodha brothers - Same day duplicate found - Similarity: 1.00
2025-01-31 19:56:30 - Duplicate found - Headline: Bank of Baroda shares fall 5% as brokerages cut target price on Q3 miss - Same day duplicate found - Similarity: 1.00
2025-01-31 19:56:30 - Duplicate found - Headline: Bank of Baroda shares fall 5% as brokerages cut target price on Q3 miss - Same day duplicate found - Similarity: 1.00
2025-01-31 19:56:30 - Duplicate found - Headline: L&T share price jumps 5% after Q3 results. Should you buy, sell or hold? - Same day duplicate found - Similarity: 1.00
2025-01-31 19:56:30 - Duplicate found - Headline: L&T share price jumps 5% after Q3 results. Should you buy, sell or hold? - Same day duplicate found - Similarity: 1.00
2025-01-31 19:56:30 - Duplicate found - Headline: Waaree Energies share price soars 14% after net profit jumps 260% in Q3 - Same day duplicate found - Similarity: 1.00
2025-01-31 19:56:30 - Duplicate found - Headline: Waaree Energies share price soars 14% after net profit jumps 260% in Q3 - Same day duplicate found - Similarity: 1.00
2025-01-31 19:56:30 - Duplicate found - Headline: Vedanta Q3 results: Net profit jumps 77% to Rs 3,547 crore - Same day duplicate found - Similarity: 1.00
2025-01-31 19:56:30 - Duplicate found - Headline: Vedanta Q3 results: Net profit jumps 77% to Rs 3,547 crore - Same day duplicate found - Similarity: 1.00
2025-01-31 19:56:30 - Duplicate found - Headline: An analyst cuts Kalyan Jewellers share price target after the stock falls 45% from peak - Same day duplicate found - Similarity: 1.00
2025-01-31 19:56:30 - Duplicate found - Headline: An analyst cuts Kalyan Jewellers share price target after the stock falls 45% from peak - Same day duplicate found - Similarity: 1.00
2025-01-31 19:56:30 - Duplicate found - Headline: IndusInd Bank Q3 Results: Standalone PAT declines 39% YoY to Rs 1,401 crore, but beats estimates - Same day duplicate found - Similarity: 1.00
2025-01-31 19:56:30 - Duplicate found - Headline: IndusInd Bank Q3 Results: Standalone PAT declines 39% YoY to Rs 1,401 crore, but beats estimates - Same day duplicate found - Similarity: 1.00
2025-01-31 19:56:30 - Duplicate found - Headline: 5 Things to Know About Apple's Performance in India From CEO Tim Cook's Q4 Results Call - Same day duplicate found - Similarity: 1.00
2025-01-31 19:56:30 - Duplicate found - Headline: 5 Things to Know About Apple's Performance in India From CEO Tim Cook's Q4 Results Call - Same day duplicate found - Similarity: 1.00
2025-01-31 19:56:30 - Duplicate found - Headline: OFFICIAL: Real Madrid face Manchester City in UEFA Champions League playoff round - Same day duplicate found - Similarity: 1.00
2025-01-31 19:56:30 - Duplicate found - Headline: OFFICIAL: Real Madrid face Manchester City in UEFA Champions League playoff round - Same day duplicate found - Similarity: 1.00
2025-01-31 19:56:30 - Duplicate found - Headline: Economic Survey 2025 LIVE: Proposal for 'health tax' on ultra-processed foods - Same day duplicate found - Similarity: 1.00
2025-01-31 19:56:30 - Duplicate found - Headline: Economic Survey 2025 LIVE: Proposal for 'health tax' on ultra-processed foods - Same day duplicate found - Similarity: 1.00
2025-01-31 19:56:30 - Duplicate found - Headline: Champions Trophy: Rohit Sharma not to travel to Pakistan for photoshoot - Same day duplicate found - Similarity: 1.00
2025-01-31 19:56:30 - Duplicate found - Headline: Champions Trophy: Rohit Sharma not to travel to Pakistan for photoshoot - Same day duplicate found - Similarity: 1.00
2025-01-31 19:56:30 - Duplicate found - Headline: Key batter ruled out as Pakistan name ICC Men’s Champions Trophy 2025 squad - Same day duplicate found - Similarity: 1.00
2025-01-31 19:56:30 - Duplicate found - Headline: Key batter ruled out as Pakistan name ICC Men’s Champions Trophy 2025 squad - Same day duplicate found - Similarity: 1.00
2025-01-31 19:56:30 - Duplicate found - Headline: Jindal Steel and Power share price declines 13% post Q3 results: Do you own it? - Same day duplicate found - Similarity: 1.00
2025-01-31 19:56:30 - Duplicate found - Headline: Jindal Steel and Power share price declines 13% post Q3 results: Do you own it? - Same day duplicate found - Similarity: 1.00
2025-01-31 19:56:30 - Duplicate found - Headline: Mumbai Indians owners win bid for 49% stake in Oval Invincibles - Same day duplicate found - Similarity: 1.00
2025-01-31 19:56:30 - Duplicate found - Headline: Mumbai Indians owners win bid for 49% stake in Oval Invincibles - Same day duplicate found - Similarity: 1.00
2025-01-31 19:56:30 - Duplicate found - Headline: GAIL Q3 Results: Stock rises despite missing estimates on EBITDA, margin front - Same day duplicate found - Similarity: 1.00
2025-01-31 19:56:30 - Duplicate found - Headline: GAIL Q3 Results: Stock rises despite missing estimates on EBITDA, margin front - Same day duplicate found - Similarity: 1.00
2025-01-31 19:56:30 - Duplicate found - Headline: Adani Enterprises Q3 Results: Profit falls 97% YoY to Rs 58 crore - Same day duplicate found - Similarity: 1.00
2025-01-31 19:56:30 - Duplicate found - Headline: Adani Enterprises Q3 Results: Profit falls 97% YoY to Rs 58 crore - Same day duplicate found - Similarity: 1.00
2025-01-31 19:56:30 - Duplicate found - Headline: Buy or sell: Vaishali Parekh recommends three stocks to buy today —January 31, 2025 - Same day duplicate found - Similarity: 1.00
2025-01-31 19:56:30 - Duplicate found - Headline: Buy or sell: Vaishali Parekh recommends three stocks to buy today —January 31, 2025 - Same day duplicate found - Similarity: 1.00
2025-01-31 19:56:30 - Duplicate found - Headline: Injury sees key Australia all-rounder ruled out of Champions Trophy - Same day duplicate found - Similarity: 1.00
2025-01-31 19:56:30 - Duplicate found - Headline: Injury sees key Australia all-rounder ruled out of Champions Trophy - Same day duplicate found - Similarity: 1.00
2025-01-31 19:56:30 - Duplicate found - Headline: Tata Consumer Products Q3 Results: Revenue rises 17% but margin narrows on higher costs - Same day duplicate found - Similarity: 1.00
2025-01-31 19:56:30 - Duplicate found - Headline: Tata Consumer Products Q3 Results: Revenue rises 17% but margin narrows on higher costs - Same day duplicate found - Similarity: 1.00
2025-01-31 19:56:30 - Duplicate found - Headline: Tata Motors shares under pressure after Q3 miss, guidance cut. What should investors do? - Same day duplicate found - Similarity: 1.00
2025-01-31 19:56:30 - Duplicate found - Headline: Tata Motors shares under pressure after Q3 miss, guidance cut. What should investors do? - Same day duplicate found - Similarity: 1.00
2025-01-31 19:56:30 - Duplicate found - Headline: Elon Musk is sleeping in DOGE office in Washington: Report - Same day duplicate found - Similarity: 1.00
2025-01-31 19:56:30 - Duplicate found - Headline: Elon Musk is sleeping in DOGE office in Washington: Report - Same day duplicate found - Similarity: 1.00
2025-01-31 19:56:30 - Duplicate found - Headline: South Africa beat Australia to qualify for U19WC 2025 decider - Same day duplicate found - Similarity: 1.00
2025-01-31 19:56:30 - Duplicate found - Headline: South Africa beat Australia to qualify for U19WC 2025 decider - Same day duplicate found - Similarity: 1.00
2025-01-31 19:56:30 - Duplicate found - Headline: Newly Discovered Asteroid Has a Real Chance of Hitting Earth in 2032, Scientists Say - Same day duplicate found - Similarity: 1.00
2025-01-31 19:56:30 - Duplicate found - Headline: Newly Discovered Asteroid Has a Real Chance of Hitting Earth in 2032, Scientists Say - Same day duplicate found - Similarity: 1.00
2025-01-31 19:56:30 - Successfully stored 77 articles in database
2025-01-31 19:56:30 - Skipped 120 articles
2025-01-31 23:51:06 - Error checking duplication: 'publication_date'
2025-01-31 23:51:06 - Error checking duplication: 'publication_date'
2025-01-31 23:51:07 - Error checking duplication: 'publication_date'
2025-01-31 23:51:08 - Error checking duplication: 'publication_date'
2025-01-31 23:51:08 - Error checking duplication: 'publication_date'
2025-01-31 23:51:09 - Error checking duplication: 'publication_date'
2025-01-31 23:51:10 - Error checking duplication: 'publication_date'
2025-01-31 23:51:10 - Error checking duplication: 'publication_date'
2025-01-31 23:51:11 - Error checking duplication: 'publication_date'
2025-01-31 23:51:11 - Error checking duplication: 'publication_date'
2025-01-31 23:51:11 - Error checking duplication: 'publication_date'
2025-01-31 23:51:12 - Error checking duplication: 'publication_date'
2025-01-31 23:51:13 - Error checking duplication: 'publication_date'
2025-01-31 23:51:13 - Error checking duplication: 'publication_date'
2025-01-31 23:51:13 - Error checking duplication: 'publication_date'
2025-01-31 23:51:14 - Error checking duplication: 'publication_date'
2025-01-31 23:51:14 - Error checking duplication: 'publication_date'
2025-01-31 23:51:15 - Error checking duplication: 'publication_date'
2025-01-31 23:51:16 - Error checking duplication: 'publication_date'
2025-01-31 23:51:16 - Error checking duplication: 'publication_date'
2025-01-31 23:51:16 - Error checking duplication: 'publication_date'
2025-01-31 23:51:17 - Error checking duplication: 'publication_date'
2025-01-31 23:51:18 - Error checking duplication: 'publication_date'
2025-01-31 23:51:18 - Error checking duplication: 'publication_date'
2025-01-31 23:51:19 - Error checking duplication: 'publication_date'
2025-01-31 23:51:19 - Error checking duplication: 'publication_date'
2025-01-31 23:51:20 - Error checking duplication: 'publication_date'
2025-01-31 23:51:21 - Error checking duplication: 'publication_date'
2025-01-31 23:51:21 - Error checking duplication: 'publication_date'
2025-01-31 23:51:22 - Error checking duplication: 'publication_date'
2025-01-31 23:51:22 - Error checking duplication: 'publication_date'
2025-01-31 23:51:23 - Error checking duplication: 'publication_date'
2025-01-31 23:51:23 - Error checking duplication: 'publication_date'
2025-01-31 23:51:23 - Error checking duplication: 'publication_date'
2025-01-31 23:51:24 - Error checking duplication: 'publication_date'
2025-01-31 23:51:24 - Error checking duplication: 'publication_date'
2025-01-31 23:51:25 - Error checking duplication: 'publication_date'
2025-01-31 23:51:26 - Error checking duplication: 'publication_date'
2025-01-31 23:51:26 - Error checking duplication: 'publication_date'
2025-01-31 23:51:27 - Error checking duplication: 'publication_date'
2025-01-31 23:51:27 - Error checking duplication: 'publication_date'
2025-01-31 23:51:28 - Error checking duplication: 'publication_date'
2025-01-31 23:51:28 - Error checking duplication: 'publication_date'
2025-01-31 23:51:29 - Error checking duplication: 'publication_date'
2025-01-31 23:51:29 - Error checking duplication: 'publication_date'
2025-01-31 23:51:30 - Error checking duplication: 'publication_date'
2025-01-31 23:51:30 - Error checking duplication: 'publication_date'
2025-01-31 23:51:31 - Error checking duplication: 'publication_date'
2025-01-31 23:51:31 - Error checking duplication: 'publication_date'
2025-01-31 23:51:31 - Error checking duplication: 'publication_date'
2025-01-31 23:51:32 - Error checking duplication: 'publication_date'
2025-01-31 23:51:32 - Error checking duplication: 'publication_date'
2025-01-31 23:51:33 - Error checking duplication: 'publication_date'
2025-01-31 23:51:33 - Error checking duplication: 'publication_date'
2025-01-31 23:51:34 - Error checking duplication: 'publication_date'
2025-01-31 23:51:34 - Error checking duplication: 'publication_date'
2025-01-31 23:51:34 - Error checking duplication: 'publication_date'
2025-01-31 23:51:34 - Error checking duplication: 'publication_date'
2025-01-31 23:51:35 - Error checking duplication: 'publication_date'
2025-01-31 23:51:35 - Error checking duplication: 'publication_date'
2025-01-31 23:51:35 - Error checking duplication: 'publication_date'
2025-01-31 23:51:35 - Error checking duplication: 'publication_date'
2025-01-31 23:51:36 - Error checking duplication: 'publication_date'
2025-01-31 23:51:36 - Error checking duplication: 'publication_date'
2025-01-31 23:51:37 - Error checking duplication: 'publication_date'
2025-01-31 23:51:37 - Error checking duplication: 'publication_date'
2025-01-31 23:51:37 - Error checking duplication: 'publication_date'
2025-01-31 23:51:37 - Error checking duplication: 'publication_date'
2025-01-31 23:51:37 - Error checking duplication: 'publication_date'
2025-01-31 23:51:38 - Error checking duplication: 'publication_date'
2025-01-31 23:51:38 - Error checking duplication: 'publication_date'
2025-01-31 23:51:38 - Error checking duplication: 'publication_date'
2025-01-31 23:51:39 - Error checking duplication: 'publication_date'
2025-01-31 23:51:39 - Error checking duplication: 'publication_date'
2025-01-31 23:51:41 - Error checking duplication: 'publication_date'
2025-01-31 23:51:41 - Error checking duplication: 'publication_date'
2025-01-31 23:51:41 - Error checking duplication: 'publication_date'
2025-01-31 23:51:42 - Error checking duplication: 'publication_date'
2025-01-31 23:51:42 - Error checking duplication: 'publication_date'
2025-01-31 23:51:42 - Error checking duplication: 'publication_date'
2025-01-31 23:51:42 - Error checking duplication: 'publication_date'
2025-01-31 23:51:43 - Error checking duplication: 'publication_date'
2025-01-31 23:51:43 - Error checking duplication: 'publication_date'
2025-01-31 23:51:43 - Error checking duplication: 'publication_date'
2025-01-31 23:51:43 - Error checking duplication: 'publication_date'
2025-01-31 23:51:44 - Error checking duplication: 'publication_date'
2025-01-31 23:51:44 - Error checking duplication: 'publication_date'
2025-01-31 23:51:44 - Error checking duplication: 'publication_date'
2025-01-31 23:51:45 - Error checking duplication: 'publication_date'
2025-01-31 23:51:45 - Error checking duplication: 'publication_date'
2025-01-31 23:51:45 - Error checking duplication: 'publication_date'
2025-01-31 23:51:46 - Error checking duplication: 'publication_date'
2025-01-31 23:51:46 - Error checking duplication: 'publication_date'
2025-01-31 23:51:46 - Error checking duplication: 'publication_date'
2025-01-31 23:51:46 - Error checking duplication: 'publication_date'
2025-01-31 23:51:46 - Error checking duplication: 'publication_date'
2025-01-31 23:51:47 - Error checking duplication: 'publication_date'
2025-01-31 23:51:47 - Error checking duplication: 'publication_date'
2025-01-31 23:51:47 - Error checking duplication: 'publication_date'
2025-01-31 23:51:48 - Error checking duplication: 'publication_date'
2025-01-31 23:51:48 - Error checking duplication: 'publication_date'
2025-01-31 23:51:48 - Error checking duplication: 'publication_date'
2025-01-31 23:51:48 - Error checking duplication: 'publication_date'
2025-01-31 23:51:49 - Error checking duplication: 'publication_date'
2025-01-31 23:51:49 - Error checking duplication: 'publication_date'
2025-01-31 23:51:49 - Error checking duplication: 'publication_date'
2025-01-31 23:51:49 - Successfully stored 106 articles in database
2025-01-31 23:51:49 - Skipped 0 articles
2025-02-01 11:27:24 - Error checking duplication: 'publication_date'
2025-02-01 11:27:24 - Error checking duplication: 'publication_date'
2025-02-01 11:27:24 - Error checking duplication: 'publication_date'
2025-02-01 11:27:24 - Error checking duplication: 'publication_date'
2025-02-01 11:27:25 - Error checking duplication: 'publication_date'
2025-02-01 11:27:25 - Error checking duplication: 'publication_date'
2025-02-01 11:27:25 - Error checking duplication: 'publication_date'
2025-02-01 11:27:26 - Error checking duplication: 'publication_date'
2025-02-01 11:27:26 - Error checking duplication: 'publication_date'
2025-02-01 11:27:26 - Error checking duplication: 'publication_date'
2025-02-01 11:27:27 - Error checking duplication: 'publication_date'
2025-02-01 11:27:27 - Error checking duplication: 'publication_date'
2025-02-01 11:27:28 - Error checking duplication: 'publication_date'
2025-02-01 11:27:28 - Error checking duplication: 'publication_date'
2025-02-01 11:27:29 - Error checking duplication: 'publication_date'
2025-02-01 11:27:29 - Error checking duplication: 'publication_date'
2025-02-01 11:27:29 - Error checking duplication: 'publication_date'
2025-02-01 11:27:30 - Error checking duplication: 'publication_date'
2025-02-01 11:27:31 - Error checking duplication: 'publication_date'
2025-02-01 11:27:31 - Error checking duplication: 'publication_date'
2025-02-01 11:27:31 - Error checking duplication: 'publication_date'
2025-02-01 11:27:32 - Error checking duplication: 'publication_date'
2025-02-01 11:27:32 - Error checking duplication: 'publication_date'
2025-02-01 11:27:33 - Error checking duplication: 'publication_date'
2025-02-01 11:27:33 - Error checking duplication: 'publication_date'
2025-02-01 11:27:33 - Error checking duplication: 'publication_date'
2025-02-01 11:27:34 - Error checking duplication: 'publication_date'
2025-02-01 11:27:34 - Error checking duplication: 'publication_date'
2025-02-01 11:27:35 - Error checking duplication: 'publication_date'
2025-02-01 11:27:35 - Error checking duplication: 'publication_date'
2025-02-01 11:27:36 - Error checking duplication: 'publication_date'
2025-02-01 11:27:36 - Error checking duplication: 'publication_date'
2025-02-01 11:27:36 - Error checking duplication: 'publication_date'
2025-02-01 11:27:37 - Error checking duplication: 'publication_date'
2025-02-01 11:27:38 - Error checking duplication: 'publication_date'
2025-02-01 11:27:38 - Error checking duplication: 'publication_date'
2025-02-01 11:27:38 - Error checking duplication: 'publication_date'
2025-02-01 11:27:39 - Error checking duplication: 'publication_date'
2025-02-01 11:27:39 - Error checking duplication: 'publication_date'
2025-02-01 11:27:40 - Error checking duplication: 'publication_date'
2025-02-01 11:27:41 - Error checking duplication: 'publication_date'
2025-02-01 11:27:42 - Error checking duplication: 'publication_date'
2025-02-01 11:27:42 - Error checking duplication: 'publication_date'
2025-02-01 11:27:42 - Error checking duplication: 'publication_date'
2025-02-01 11:27:43 - Error checking duplication: 'publication_date'
2025-02-01 11:27:43 - Error checking duplication: 'publication_date'
2025-02-01 11:27:44 - Error checking duplication: 'publication_date'
2025-02-01 11:27:45 - Error checking duplication: 'publication_date'
2025-02-01 11:27:46 - Error checking duplication: 'publication_date'
2025-02-01 11:27:46 - Error checking duplication: 'publication_date'
2025-02-01 11:27:46 - Error checking duplication: 'publication_date'
2025-02-01 11:27:47 - Error checking duplication: 'publication_date'
2025-02-01 11:27:47 - Error checking duplication: 'publication_date'
2025-02-01 11:27:47 - Error checking duplication: 'publication_date'
2025-02-01 11:27:48 - Error checking duplication: 'publication_date'
2025-02-01 11:27:48 - Error checking duplication: 'publication_date'
2025-02-01 11:27:48 - Error checking duplication: 'publication_date'
2025-02-01 11:27:48 - Error checking duplication: 'publication_date'
2025-02-01 11:27:48 - Error checking duplication: 'publication_date'
2025-02-01 11:27:49 - Error checking duplication: 'publication_date'
2025-02-01 11:27:49 - Error checking duplication: 'publication_date'
2025-02-01 11:27:49 - Error checking duplication: 'publication_date'
2025-02-01 11:27:50 - Error checking duplication: 'publication_date'
2025-02-01 11:27:50 - Error checking duplication: 'publication_date'
2025-02-01 11:27:50 - Error checking duplication: 'publication_date'
2025-02-01 11:27:50 - Error checking duplication: 'publication_date'
2025-02-01 11:27:51 - Error checking duplication: 'publication_date'
2025-02-01 11:27:51 - Error checking duplication: 'publication_date'
2025-02-01 11:27:51 - Error checking duplication: 'publication_date'
2025-02-01 11:27:52 - Error checking duplication: 'publication_date'
2025-02-01 11:27:52 - Error checking duplication: 'publication_date'
2025-02-01 11:27:52 - Error checking duplication: 'publication_date'
2025-02-01 11:27:53 - Error checking duplication: 'publication_date'
2025-02-01 11:27:53 - Error checking duplication: 'publication_date'
2025-02-01 11:27:53 - Error checking duplication: 'publication_date'
2025-02-01 11:27:53 - Error checking duplication: 'publication_date'
2025-02-01 11:27:54 - Error checking duplication: 'publication_date'
2025-02-01 11:27:54 - Error checking duplication: 'publication_date'
2025-02-01 11:27:54 - Error checking duplication: 'publication_date'
2025-02-01 11:27:54 - Error checking duplication: 'publication_date'
2025-02-01 11:27:55 - Error checking duplication: 'publication_date'
2025-02-01 11:27:55 - Error checking duplication: 'publication_date'
2025-02-01 11:27:55 - Error checking duplication: 'publication_date'
2025-02-01 11:27:56 - Error checking duplication: 'publication_date'
2025-02-01 11:27:56 - Error checking duplication: 'publication_date'
2025-02-01 11:27:57 - Error checking duplication: 'publication_date'
2025-02-01 11:27:57 - Error checking duplication: 'publication_date'
2025-02-01 11:27:57 - Error checking duplication: 'publication_date'
2025-02-01 11:27:58 - Error checking duplication: 'publication_date'
2025-02-01 11:27:58 - Error checking duplication: 'publication_date'
2025-02-01 11:27:58 - Error checking duplication: 'publication_date'
2025-02-01 11:27:58 - Error checking duplication: 'publication_date'
2025-02-01 11:27:59 - Error checking duplication: 'publication_date'
2025-02-01 11:27:59 - Error checking duplication: 'publication_date'
2025-02-01 11:27:59 - Error checking duplication: 'publication_date'
2025-02-01 11:27:59 - Error checking duplication: 'publication_date'
2025-02-01 11:28:26 - Error checking duplication: 'publication_date'
2025-02-01 11:28:26 - Error checking duplication: 'publication_date'
2025-02-01 11:28:26 - Error checking duplication: 'publication_date'
2025-02-01 11:28:27 - Error checking duplication: 'publication_date'
2025-02-01 11:28:28 - Error checking duplication: 'publication_date'
2025-02-01 11:28:28 - Error checking duplication: 'publication_date'
2025-02-01 11:28:28 - Error checking duplication: 'publication_date'
2025-02-01 11:28:29 - Error checking duplication: 'publication_date'
2025-02-01 11:28:29 - Error checking duplication: 'publication_date'
2025-02-01 11:28:30 - Error checking duplication: 'publication_date'
2025-02-01 11:28:30 - Error checking duplication: 'publication_date'
2025-02-01 11:28:30 - Error checking duplication: 'publication_date'
2025-02-01 11:28:31 - Error checking duplication: 'publication_date'
2025-02-01 11:28:31 - Error checking duplication: 'publication_date'
2025-02-01 11:28:31 - Error checking duplication: 'publication_date'
2025-02-01 11:28:32 - Error checking duplication: 'publication_date'
2025-02-01 11:28:32 - Error checking duplication: 'publication_date'
2025-02-01 11:28:32 - Error checking duplication: 'publication_date'
2025-02-01 11:28:32 - Error checking duplication: 'publication_date'
2025-02-01 11:28:33 - Error checking duplication: 'publication_date'
2025-02-01 11:28:33 - Error checking duplication: 'publication_date'
2025-02-01 11:28:33 - Error checking duplication: 'publication_date'
2025-02-01 11:28:34 - Error checking duplication: 'publication_date'
2025-02-01 11:28:34 - Error checking duplication: 'publication_date'
2025-02-01 11:28:34 - Error checking duplication: 'publication_date'
2025-02-01 11:28:34 - Error checking duplication: 'publication_date'
2025-02-01 11:28:35 - Error checking duplication: 'publication_date'
2025-02-01 11:28:35 - Error checking duplication: 'publication_date'
2025-02-01 11:28:36 - Error checking duplication: 'publication_date'
2025-02-01 11:28:36 - Error checking duplication: 'publication_date'
2025-02-01 11:28:36 - Error checking duplication: 'publication_date'
2025-02-01 11:28:37 - Error checking duplication: 'publication_date'
2025-02-01 11:28:37 - Error checking duplication: 'publication_date'
2025-02-01 11:28:37 - Error checking duplication: 'publication_date'
2025-02-01 11:28:38 - Error checking duplication: 'publication_date'
2025-02-01 11:28:38 - Error checking duplication: 'publication_date'
2025-02-01 11:28:39 - Error checking duplication: 'publication_date'
2025-02-01 11:28:39 - Error checking duplication: 'publication_date'
2025-02-01 11:28:39 - Error checking duplication: 'publication_date'
2025-02-01 11:28:40 - Error checking duplication: 'publication_date'
2025-02-01 11:28:40 - Error checking duplication: 'publication_date'
2025-02-01 11:28:40 - Error checking duplication: 'publication_date'
2025-02-01 11:28:41 - Error checking duplication: 'publication_date'
2025-02-01 11:28:41 - Error checking duplication: 'publication_date'
2025-02-01 11:28:41 - Error checking duplication: 'publication_date'
2025-02-01 11:28:42 - Error checking duplication: 'publication_date'
2025-02-01 11:28:42 - Error checking duplication: 'publication_date'
2025-02-01 11:28:42 - Error checking duplication: 'publication_date'
2025-02-01 11:28:43 - Error checking duplication: 'publication_date'
2025-02-01 11:28:43 - Error checking duplication: 'publication_date'
2025-02-01 11:28:43 - Error checking duplication: 'publication_date'
2025-02-01 11:28:44 - Error checking duplication: 'publication_date'
2025-02-01 11:28:44 - Error checking duplication: 'publication_date'
2025-02-01 11:28:44 - Error checking duplication: 'publication_date'
2025-02-01 11:28:45 - Error checking duplication: 'publication_date'
2025-02-01 11:28:45 - Error checking duplication: 'publication_date'
2025-02-01 11:28:45 - Error checking duplication: 'publication_date'
2025-02-01 11:28:45 - Error checking duplication: 'publication_date'
2025-02-01 11:28:46 - Error checking duplication: 'publication_date'
2025-02-01 11:28:46 - Error checking duplication: 'publication_date'
2025-02-01 11:28:46 - Error checking duplication: 'publication_date'
2025-02-01 11:28:47 - Error checking duplication: 'publication_date'
2025-02-01 11:28:47 - Error checking duplication: 'publication_date'
2025-02-01 11:28:48 - Error checking duplication: 'publication_date'
2025-02-01 11:28:48 - Error checking duplication: 'publication_date'
2025-02-01 11:28:48 - Error checking duplication: 'publication_date'
2025-02-01 11:28:48 - Error checking duplication: 'publication_date'
2025-02-01 11:28:49 - Error checking duplication: 'publication_date'
2025-02-01 11:28:50 - Error checking duplication: 'publication_date'
2025-02-01 11:28:50 - Error checking duplication: 'publication_date'
2025-02-01 11:28:52 - Error checking duplication: 'publication_date'
2025-02-01 11:28:52 - Error checking duplication: 'publication_date'
2025-02-01 11:28:53 - Error checking duplication: 'publication_date'
2025-02-01 11:28:53 - Error checking duplication: 'publication_date'
2025-02-01 11:28:53 - Error checking duplication: 'publication_date'
2025-02-01 11:28:53 - Error checking duplication: 'publication_date'
2025-02-01 11:28:54 - Error checking duplication: 'publication_date'
2025-02-01 11:28:54 - Error checking duplication: 'publication_date'
2025-02-01 11:28:54 - Error checking duplication: 'publication_date'
2025-02-01 11:28:55 - Error checking duplication: 'publication_date'
2025-02-01 11:28:55 - Error checking duplication: 'publication_date'
2025-02-01 11:28:55 - Error checking duplication: 'publication_date'
2025-02-01 11:28:56 - Error checking duplication: 'publication_date'
2025-02-01 11:28:56 - Error checking duplication: 'publication_date'
2025-02-01 11:28:56 - Error checking duplication: 'publication_date'
2025-02-01 11:28:57 - Error checking duplication: 'publication_date'
2025-02-01 11:28:57 - Error checking duplication: 'publication_date'
2025-02-01 11:28:57 - Error checking duplication: 'publication_date'
2025-02-01 11:28:58 - Error checking duplication: 'publication_date'
2025-02-01 11:28:58 - Error checking duplication: 'publication_date'
2025-02-01 11:28:58 - Error checking duplication: 'publication_date'
2025-02-01 11:28:58 - Error checking duplication: 'publication_date'
2025-02-01 11:28:59 - Error checking duplication: 'publication_date'
2025-02-01 11:28:59 - Error checking duplication: 'publication_date'
2025-02-01 11:28:59 - Error checking duplication: 'publication_date'
2025-02-01 11:29:00 - Error checking duplication: 'publication_date'
2025-02-01 11:29:00 - Error checking duplication: 'publication_date'
2025-02-01 11:29:00 - Error checking duplication: 'publication_date'
2025-02-01 11:29:00 - Successfully stored 98 articles in database
2025-02-01 11:29:00 - Skipped 0 articles
2025-02-01 11:50:23 - Duplicate found - Headline: Kejriwal reaches EC office, alleges poll body 'shooting the messenger' - Different day duplicate found - Similarity: 1.00
2025-02-01 11:50:23 - Error storing article: 'headline'
2025-02-01 11:50:39 - Duplicate found - Headline: Silicon Valley consortium values London Spirit at £295 million in Hundred coup - Different day duplicate found - Similarity: 1.00
2025-02-01 11:50:39 - Error storing article: 'headline'
2025-02-01 11:50:44 - Duplicate found - Headline: South Africa beat Australia to qualify for U19WC 2025 decider - Different day duplicate found - Similarity: 1.00
2025-02-01 11:50:44 - Error storing article: 'headline'
2025-02-01 11:50:48 - Duplicate found - Headline: ‘In poor taste…entirely avoidable’: Rashtrapati Bhavan responds to Sonia Gandhi’s remark on President Murmu’s address - Different day duplicate found - Similarity: 1.00
2025-02-01 11:50:48 - Error storing article: 'headline'
2025-02-01 11:50:52 - Duplicate found - Headline: Kejriwal reaches EC office, alleges poll body 'shooting the messenger' - Different day duplicate found - Similarity: 1.00
2025-02-01 11:50:52 - Error storing article: 'headline'
2025-02-01 11:51:08 - Duplicate found - Headline: Silicon Valley consortium values London Spirit at £295 million in Hundred coup - Different day duplicate found - Similarity: 1.00
2025-02-01 11:51:08 - Error storing article: 'headline'
2025-02-01 11:51:12 - Duplicate found - Headline: South Africa beat Australia to qualify for U19WC 2025 decider - Different day duplicate found - Similarity: 1.00
2025-02-01 11:51:12 - Error storing article: 'headline'
2025-02-01 11:51:12 - Successfully stored 85 articles in database
2025-02-01 11:51:12 - Skipped 7 articles
2025-02-01 11:52:29 - Duplicate found - Headline: ‘In poor taste…entirely avoidable’: Rashtrapati Bhavan responds to Sonia Gandhi’s remark on President Murmu’s address - Different day duplicate found - Similarity: 1.00
2025-02-01 11:52:29 - Error storing article: 'headline'
2025-02-01 11:52:31 - Duplicate found - Headline: Kejriwal reaches EC office, alleges poll body 'shooting the messenger' - Different day duplicate found - Similarity: 1.00
2025-02-01 11:52:31 - Error storing article: 'headline'
2025-02-01 11:52:43 - Duplicate found - Headline: Silicon Valley consortium values London Spirit at £295 million in Hundred coup - Different day duplicate found - Similarity: 1.00
2025-02-01 11:52:43 - Error storing article: 'headline'
2025-02-01 11:52:47 - Duplicate found - Headline: South Africa beat Australia to qualify for U19WC 2025 decider - Different day duplicate found - Similarity: 1.00
2025-02-01 11:52:47 - Error storing article: 'headline'
2025-02-01 11:52:52 - Duplicate found - Headline: ‘In poor taste…entirely avoidable’: Rashtrapati Bhavan responds to Sonia Gandhi’s remark on President Murmu’s address - Different day duplicate found - Similarity: 1.00
2025-02-01 11:52:52 - Error storing article: 'headline'
2025-02-01 11:52:54 - Duplicate found - Headline: Kejriwal reaches EC office, alleges poll body 'shooting the messenger' - Different day duplicate found - Similarity: 1.00
2025-02-01 11:52:54 - Error storing article: 'headline'
2025-02-01 11:53:06 - Duplicate found - Headline: Silicon Valley consortium values London Spirit at £295 million in Hundred coup - Different day duplicate found - Similarity: 1.00
2025-02-01 11:53:06 - Error storing article: 'headline'
2025-02-01 11:53:10 - Duplicate found - Headline: South Africa beat Australia to qualify for U19WC 2025 decider - Different day duplicate found - Similarity: 1.00
2025-02-01 11:53:10 - Error storing article: 'headline'
2025-02-01 11:53:10 - Successfully stored 88 articles in database
2025-02-01 11:53:10 - Skipped 8 articles
2025-02-02 00:43:18 - Successfully stored 6 articles in database
2025-02-02 00:43:18 - Skipped 0 articles
