2025-01-31 19:58:59 - INFO - Starting news pipeline execution
2025-01-31 19:59:10 - INFO - Duplicate found - Headline: PM Modi attacks Sonia Gandhi: 'Royal family of Congress insulted President' - Same day duplicate found - Similarity: 1.00
2025-01-31 19:59:10 - INFO - Duplicate found - Headline: PM Modi attacks Sonia Gandhi: 'Royal family of Congress insulted President' - Same day duplicate found - Similarity: 1.00
2025-01-31 19:59:10 - INFO - Duplicate found - Headline: 7 Aam Aadmi Party MLAs quit party ahead of Delhi polls; several were denied ticket to contest elections - Same day duplicate found - Similarity: 1.00
2025-01-31 19:59:10 - INFO - Duplicate found - Headline: 7 Aam Aadmi Party MLAs quit party ahead of Delhi polls; several were denied ticket to contest elections - Same day duplicate found - Similarity: 1.00
2025-01-31 19:59:10 - INFO - Duplicate found - Headline: Economic Survey gives a whole new twist to working hours debate - Same day duplicate found - Similarity: 1.00
2025-01-31 19:59:10 - INFO - Duplicate found - Headline: Economic Survey gives a whole new twist to working hours debate - Same day duplicate found - Similarity: 1.00
2025-01-31 19:59:10 - INFO - Duplicate found - Headline: Budget 2025 expectations highlights: What India wants from FM Nirmala Sitharaman on February 1 - Same day duplicate found - Similarity: 1.00
2025-01-31 19:59:10 - INFO - Duplicate found - Headline: Budget 2025 expectations highlights: What India wants from FM Nirmala Sitharaman on February 1 - Same day duplicate found - Similarity: 1.00
2025-01-31 19:59:10 - INFO - Duplicate found - Headline: Kejriwal reaches EC office, alleges poll body 'shooting the messenger' - Same day duplicate found - Similarity: 1.00
2025-01-31 19:59:10 - INFO - Duplicate found - Headline: Kejriwal reaches EC office, alleges poll body 'shooting the messenger' - Same day duplicate found - Similarity: 1.00
2025-01-31 19:59:10 - INFO - Duplicate found - Headline: Plane crash in Washington DC kills all 67 onboard; teen figure skaters, group of hunters and students among victims - Same day duplicate found - Similarity: 1.00
2025-01-31 19:59:10 - INFO - Duplicate found - Headline: Plane crash in Washington DC kills all 67 onboard; teen figure skaters, group of hunters and students among victims - Same day duplicate found - Similarity: 1.00
2025-01-31 19:59:10 - INFO - Duplicate found - Headline: Day after Maha Kumbh stampede: VIP passes cancelled, no-vehicle zone, curbs on routes - Same day duplicate found - Similarity: 1.00
2025-01-31 19:59:10 - INFO - Duplicate found - Headline: Day after Maha Kumbh stampede: VIP passes cancelled, no-vehicle zone, curbs on routes - Same day duplicate found - Similarity: 1.00
2025-01-31 19:59:10 - INFO - Duplicate found - Headline: Unmasking Guillain-Barré Syndrome: revelations from studies at NIMHANS - Same day duplicate found - Similarity: 1.00
2025-01-31 19:59:10 - INFO - Duplicate found - Headline: Unmasking Guillain-Barré Syndrome: revelations from studies at NIMHANS - Same day duplicate found - Similarity: 1.00
2025-01-31 19:59:10 - INFO - Duplicate found - Headline: Mini deal, macro focus: PM Modi to talk trade in US - Same day duplicate found - Similarity: 1.00
2025-01-31 19:59:10 - INFO - Duplicate found - Headline: Mini deal, macro focus: PM Modi to talk trade in US - Same day duplicate found - Similarity: 1.00
2025-01-31 19:59:10 - INFO - Duplicate found - Headline: Israel Suspends Prisoner Swap After Hostages Walked Through Crowds In Gaza: 'Shocking Scenes' - Different day duplicate found - Similarity: 1.00
2025-01-31 19:59:10 - INFO - Duplicate found - Headline: Israel Suspends Prisoner Swap After Hostages Walked Through Crowds In Gaza: 'Shocking Scenes' - Different day duplicate found - Similarity: 1.00
2025-01-31 19:59:10 - INFO - Duplicate found - Headline: Budget 2025: Did PM Narendra Modi hint at income tax relief for the middle class? - Same day duplicate found - Similarity: 1.00
2025-01-31 19:59:10 - INFO - Duplicate found - Headline: Budget 2025: Did PM Narendra Modi hint at income tax relief for the middle class? - Same day duplicate found - Similarity: 1.00
2025-01-31 19:59:10 - INFO - Duplicate found - Headline: High time to save moral values: Allahabad High Court on live-in relationships - Same day duplicate found - Similarity: 1.00
2025-01-31 19:59:10 - INFO - Duplicate found - Headline: High time to save moral values: Allahabad High Court on live-in relationships - Same day duplicate found - Similarity: 1.00
2025-01-31 19:59:10 - INFO - Duplicate found - Headline: Delhi Election 2025: Can BJP rock AAP's boat? Check latest Phalodi Satta Bazar prediction - Same day duplicate found - Similarity: 1.00
2025-01-31 19:59:10 - INFO - Duplicate found - Headline: Delhi Election 2025: Can BJP rock AAP's boat? Check latest Phalodi Satta Bazar prediction - Same day duplicate found - Similarity: 1.00
2025-01-31 19:59:10 - INFO - Duplicate found - Headline: Who is Shubhanshu Shukla, IAF officer set to take India to International Space Station for first time? - Same day duplicate found - Similarity: 1.00
2025-01-31 19:59:10 - INFO - Duplicate found - Headline: Who is Shubhanshu Shukla, IAF officer set to take India to International Space Station for first time? - Same day duplicate found - Similarity: 1.00
2025-01-31 19:59:10 - INFO - Duplicate found - Headline: Madras HC says T.N. Home Secretary must appear before it or face arrest warrant - Same day duplicate found - Similarity: 1.00
2025-01-31 19:59:10 - INFO - Duplicate found - Headline: Madras HC says T.N. Home Secretary must appear before it or face arrest warrant - Same day duplicate found - Similarity: 1.00
2025-01-31 19:59:10 - INFO - Duplicate found - Headline: India vs England Live Score Updates, 4th T20I: Mohammed Shami Dropped, Gautam Gambhir And Co Slammed For Team Selection - Same day duplicate found - Similarity: 1.00
2025-01-31 19:59:10 - INFO - Duplicate found - Headline: India vs England Live Score Updates, 4th T20I: Mohammed Shami Dropped, Gautam Gambhir And Co Slammed For Team Selection - Same day duplicate found - Similarity: 1.00
2025-01-31 19:59:10 - INFO - Duplicate found - Headline: Delhi air pollution: GRAP 3 curbs invoked in Delhi-NCR due to unfavourable meteorological conditions - Same day duplicate found - Similarity: 1.00
2025-01-31 19:59:10 - INFO - Duplicate found - Headline: Delhi air pollution: GRAP 3 curbs invoked in Delhi-NCR due to unfavourable meteorological conditions - Same day duplicate found - Similarity: 1.00
2025-01-31 19:59:10 - INFO - Duplicate found - Headline: After cross-voting by 3 councillors, BJPs Harpreet Babla is new Mayor of Chandigarh - Same day duplicate found - Similarity: 1.00
2025-01-31 19:59:10 - INFO - Duplicate found - Headline: After cross-voting by 3 councillors, BJPs Harpreet Babla is new Mayor of Chandigarh - Same day duplicate found - Similarity: 1.00
2025-01-31 19:59:10 - INFO - Duplicate found - Headline: IMD Rain Alert: Signs of rain on 2 and 3 February, cold will increase due to falling temperature - Same day duplicate found - Similarity: 1.00
2025-01-31 19:59:10 - INFO - Duplicate found - Headline: IMD Rain Alert: Signs of rain on 2 and 3 February, cold will increase due to falling temperature - Same day duplicate found - Similarity: 1.00
2025-01-31 19:59:10 - INFO - Duplicate found - Headline: RINL-Visakhapatnam Steel will not be privatised, says Steel Minister Kumaraswamy in Vizag - Same day duplicate found - Similarity: 1.00
2025-01-31 19:59:10 - INFO - Duplicate found - Headline: RINL-Visakhapatnam Steel will not be privatised, says Steel Minister Kumaraswamy in Vizag - Same day duplicate found - Similarity: 1.00
2025-01-31 19:59:10 - INFO - Duplicate found - Headline: Kerala teen’s death sparks outrage, mother says schoolmates bullied, beat him up - Same day duplicate found - Similarity: 1.00
2025-01-31 19:59:10 - INFO - Duplicate found - Headline: Kerala teen’s death sparks outrage, mother says schoolmates bullied, beat him up - Same day duplicate found - Similarity: 1.00
2025-01-31 19:59:10 - INFO - Duplicate found - Headline: Kejriwal lies just like Modi, but is more cunning, says Rahul Gandhi - Same day duplicate found - Similarity: 1.00
2025-01-31 19:59:10 - INFO - Duplicate found - Headline: Kejriwal lies just like Modi, but is more cunning, says Rahul Gandhi - Same day duplicate found - Similarity: 1.00
2025-01-31 19:59:10 - INFO - Duplicate found - Headline: India set up the U19WC 2025 final against South Africa with a dominant win over England - Same day duplicate found - Similarity: 1.00
2025-01-31 19:59:10 - INFO - Duplicate found - Headline: India set up the U19WC 2025 final against South Africa with a dominant win over England - Same day duplicate found - Similarity: 1.00
2025-01-31 19:59:10 - INFO - Duplicate found - Headline: Kinnar Akhara head expels Mamta Kulkarni, Laxmi Naarayan Tripathi for ‘treason’ - Same day duplicate found - Similarity: 1.00
2025-01-31 19:59:10 - INFO - Duplicate found - Headline: Kinnar Akhara head expels Mamta Kulkarni, Laxmi Naarayan Tripathi for ‘treason’ - Same day duplicate found - Similarity: 1.00
2025-01-31 19:59:10 - INFO - Duplicate found - Headline: Delhi polls: Police seizes vehicle labelled ‘Punjab government’ with cash, liquor; AAP calls it ‘planted stunt’ - Same day duplicate found - Similarity: 1.00
2025-01-31 19:59:10 - INFO - Duplicate found - Headline: Delhi polls: Police seizes vehicle labelled ‘Punjab government’ with cash, liquor; AAP calls it ‘planted stunt’ - Same day duplicate found - Similarity: 1.00
2025-01-31 19:59:10 - INFO - Duplicate found - Headline: Virat Kohli clean bowled: Who is Himanshu Sangwan, who ruined India superstar's Ranji Trophy return - Same day duplicate found - Similarity: 1.00
2025-01-31 19:59:10 - INFO - Duplicate found - Headline: Virat Kohli clean bowled: Who is Himanshu Sangwan, who ruined India superstar's Ranji Trophy return - Same day duplicate found - Similarity: 1.00
2025-01-31 19:59:10 - INFO - Duplicate found - Headline: Nifty futures’ combined open interest hits seven-year high ahead of Budget, RBI MPC meet - Same day duplicate found - Similarity: 1.00
2025-01-31 19:59:10 - INFO - Duplicate found - Headline: Nifty futures’ combined open interest hits seven-year high ahead of Budget, RBI MPC meet - Same day duplicate found - Similarity: 1.00
2025-01-31 19:59:10 - INFO - Duplicate found - Headline: Nithin Kamaths Advice To Retail Traders Ahead Of FM Sitharamans Budget Speech - Same day duplicate found - Similarity: 1.00
2025-01-31 19:59:10 - INFO - Duplicate found - Headline: Nithin Kamaths Advice To Retail Traders Ahead Of FM Sitharamans Budget Speech - Same day duplicate found - Similarity: 1.00
2025-01-31 19:59:10 - INFO - Duplicate found - Headline: How Mumbai police cracked Saif Ali Khan stabbing case using facial recognition - Same day duplicate found - Similarity: 1.00
2025-01-31 19:59:10 - INFO - Duplicate found - Headline: How Mumbai police cracked Saif Ali Khan stabbing case using facial recognition - Same day duplicate found - Similarity: 1.00
2025-01-31 19:59:10 - INFO - Duplicate found - Headline: Deva Movie Review: Shahid Kapoor, Pooja Hegde's Thriller Blends Grit, Action And Intrigue - Same day duplicate found - Similarity: 1.00
2025-01-31 19:59:10 - INFO - Duplicate found - Headline: Deva Movie Review: Shahid Kapoor, Pooja Hegde's Thriller Blends Grit, Action And Intrigue - Same day duplicate found - Similarity: 1.00
2025-01-31 19:59:10 - INFO - Duplicate found - Headline: Pushpa 2 Worldwide Closing Box Office: Allu Arjun's Mega Blockbuster is Biggest Grosser in India - Same day duplicate found - Similarity: 1.00
2025-01-31 19:59:10 - INFO - Duplicate found - Headline: Pushpa 2 Worldwide Closing Box Office: Allu Arjun's Mega Blockbuster is Biggest Grosser in India - Same day duplicate found - Similarity: 1.00
2025-01-31 19:59:10 - INFO - Duplicate found - Headline: Gold price hits all-time high in Chennai, sovereign costs Rs 61,840 on Jan 31 - Same day duplicate found - Similarity: 1.00
2025-01-31 19:59:10 - INFO - Duplicate found - Headline: Gold price hits all-time high in Chennai, sovereign costs Rs 61,840 on Jan 31 - Same day duplicate found - Similarity: 1.00
2025-01-31 19:59:10 - INFO - Duplicate found - Headline: Ola Electric launches Gen 3 range of scooters: Check prices, specifications - Same day duplicate found - Similarity: 1.00
2025-01-31 19:59:10 - INFO - Duplicate found - Headline: Ola Electric launches Gen 3 range of scooters: Check prices, specifications - Same day duplicate found - Similarity: 1.00
2025-01-31 19:59:10 - INFO - Duplicate found - Headline: Bharat Electronics Q3 Results 2025 on 31 Jan, 2025: profit rise by 52.51% YOY, profit at ₹1310.95 crore and revenue at ₹5770.69 crore - Same day duplicate found - Similarity: 1.00
2025-01-31 19:59:10 - INFO - Duplicate found - Headline: Bharat Electronics Q3 Results 2025 on 31 Jan, 2025: profit rise by 52.51% YOY, profit at ₹1310.95 crore and revenue at ₹5770.69 crore - Same day duplicate found - Similarity: 1.00
2025-01-31 19:59:10 - INFO - Duplicate found - Headline: Bombay High Court appoints ex-Supreme Court judge to mediate dispute between Lodha brothers - Same day duplicate found - Similarity: 1.00
2025-01-31 19:59:10 - INFO - Duplicate found - Headline: Bombay High Court appoints ex-Supreme Court judge to mediate dispute between Lodha brothers - Same day duplicate found - Similarity: 1.00
2025-01-31 19:59:10 - INFO - Duplicate found - Headline: Bank of Baroda shares fall 5% as brokerages cut target price on Q3 miss - Same day duplicate found - Similarity: 1.00
2025-01-31 19:59:10 - INFO - Duplicate found - Headline: Bank of Baroda shares fall 5% as brokerages cut target price on Q3 miss - Same day duplicate found - Similarity: 1.00
2025-01-31 19:59:10 - INFO - Duplicate found - Headline: L&T share price jumps 5% after Q3 results. Should you buy, sell or hold? - Same day duplicate found - Similarity: 1.00
2025-01-31 19:59:10 - INFO - Duplicate found - Headline: L&T share price jumps 5% after Q3 results. Should you buy, sell or hold? - Same day duplicate found - Similarity: 1.00
2025-01-31 19:59:10 - INFO - Duplicate found - Headline: Waaree Energies share price soars 14% after net profit jumps 260% in Q3 - Same day duplicate found - Similarity: 1.00
2025-01-31 19:59:10 - INFO - Duplicate found - Headline: Waaree Energies share price soars 14% after net profit jumps 260% in Q3 - Same day duplicate found - Similarity: 1.00
2025-01-31 19:59:10 - INFO - Duplicate found - Headline: Vedanta Q3 results: Net profit jumps 77% to Rs 3,547 crore - Same day duplicate found - Similarity: 1.00
2025-01-31 19:59:10 - INFO - Duplicate found - Headline: Vedanta Q3 results: Net profit jumps 77% to Rs 3,547 crore - Same day duplicate found - Similarity: 1.00
2025-01-31 19:59:10 - INFO - Duplicate found - Headline: An analyst cuts Kalyan Jewellers share price target after the stock falls 45% from peak - Same day duplicate found - Similarity: 1.00
2025-01-31 19:59:10 - INFO - Duplicate found - Headline: An analyst cuts Kalyan Jewellers share price target after the stock falls 45% from peak - Same day duplicate found - Similarity: 1.00
2025-01-31 19:59:10 - INFO - Duplicate found - Headline: Locuz, Jio, NxtGen, E2E, to get headstart in supplying GPUs - Same day duplicate found - Similarity: 1.00
2025-01-31 19:59:10 - INFO - Duplicate found - Headline: Locuz, Jio, NxtGen, E2E, to get headstart in supplying GPUs - Same day duplicate found - Similarity: 1.00
2025-01-31 19:59:10 - INFO - Duplicate found - Headline: IndusInd Bank Q3 Results: Standalone PAT declines 39% YoY to Rs 1,401 crore, but beats estimates - Same day duplicate found - Similarity: 1.00
2025-01-31 19:59:10 - INFO - Duplicate found - Headline: IndusInd Bank Q3 Results: Standalone PAT declines 39% YoY to Rs 1,401 crore, but beats estimates - Same day duplicate found - Similarity: 1.00
2025-01-31 19:59:10 - INFO - Duplicate found - Headline: Economic Survey 2025 LIVE: Proposal for 'health tax' on ultra-processed foods - Same day duplicate found - Similarity: 1.00
2025-01-31 19:59:10 - INFO - Duplicate found - Headline: Economic Survey 2025 LIVE: Proposal for 'health tax' on ultra-processed foods - Same day duplicate found - Similarity: 1.00
2025-01-31 19:59:10 - INFO - Duplicate found - Headline: Monalisa, 16-year-old viral girl at Mahakumbh, bags lead role in Hindi film: ‘Mehnat karungi’ - Same day duplicate found - Similarity: 1.00
2025-01-31 19:59:10 - INFO - Duplicate found - Headline: Monalisa, 16-year-old viral girl at Mahakumbh, bags lead role in Hindi film: ‘Mehnat karungi’ - Same day duplicate found - Similarity: 1.00
2025-01-31 19:59:10 - INFO - Duplicate found - Headline: OFFICIAL: Real Madrid face Manchester City in UEFA Champions League playoff round - Same day duplicate found - Similarity: 1.00
2025-01-31 19:59:10 - INFO - Duplicate found - Headline: OFFICIAL: Real Madrid face Manchester City in UEFA Champions League playoff round - Same day duplicate found - Similarity: 1.00
2025-01-31 19:59:10 - INFO - Duplicate found - Headline: 5 Things to Know About Apple's Performance in India From CEO Tim Cook's Q4 Results Call - Same day duplicate found - Similarity: 1.00
2025-01-31 19:59:10 - INFO - Duplicate found - Headline: 5 Things to Know About Apple's Performance in India From CEO Tim Cook's Q4 Results Call - Same day duplicate found - Similarity: 1.00
2025-01-31 19:59:10 - INFO - Duplicate found - Headline: Shardul Thakur, the gift that keeps on giving - Same day duplicate found - Similarity: 1.00
2025-01-31 19:59:10 - INFO - Duplicate found - Headline: Shardul Thakur, the gift that keeps on giving - Same day duplicate found - Similarity: 1.00
2025-01-31 19:59:10 - INFO - Duplicate found - Headline: Champions Trophy: Rohit Sharma not to travel to Pakistan for photoshoot - Same day duplicate found - Similarity: 1.00
2025-01-31 19:59:10 - INFO - Duplicate found - Headline: Champions Trophy: Rohit Sharma not to travel to Pakistan for photoshoot - Same day duplicate found - Similarity: 1.00
2025-01-31 19:59:10 - INFO - Duplicate found - Headline: Jindal Steel and Power share price declines 13% post Q3 results: Do you own it? - Same day duplicate found - Similarity: 1.00
2025-01-31 19:59:10 - INFO - Duplicate found - Headline: Jindal Steel and Power share price declines 13% post Q3 results: Do you own it? - Same day duplicate found - Similarity: 1.00
2025-01-31 19:59:10 - INFO - Duplicate found - Headline: Key batter ruled out as Pakistan name ICC Men’s Champions Trophy 2025 squad - Same day duplicate found - Similarity: 1.00
2025-01-31 19:59:10 - INFO - Duplicate found - Headline: Key batter ruled out as Pakistan name ICC Men’s Champions Trophy 2025 squad - Same day duplicate found - Similarity: 1.00
2025-01-31 19:59:11 - INFO - Duplicate found - Headline: Sky Force Box Office Day 7: Misses 100 Crore Club, Fails To Beat Akshay Kumar's Fastest Record Made 2251 Days Ago! - Same day duplicate found - Similarity: 1.00
2025-01-31 19:59:11 - INFO - Duplicate found - Headline: Sky Force Box Office Day 7: Misses 100 Crore Club, Fails To Beat Akshay Kumar's Fastest Record Made 2251 Days Ago! - Same day duplicate found - Similarity: 1.00
2025-01-31 19:59:11 - INFO - Duplicate found - Headline: GAIL Q3 Results: Stock rises despite missing estimates on EBITDA, margin front - Same day duplicate found - Similarity: 1.00
2025-01-31 19:59:11 - INFO - Duplicate found - Headline: GAIL Q3 Results: Stock rises despite missing estimates on EBITDA, margin front - Same day duplicate found - Similarity: 1.00
2025-01-31 19:59:11 - INFO - Duplicate found - Headline: Adani Enterprises Q3 Results: Profit falls 97% YoY to Rs 58 crore - Same day duplicate found - Similarity: 1.00
2025-01-31 19:59:11 - INFO - Duplicate found - Headline: Adani Enterprises Q3 Results: Profit falls 97% YoY to Rs 58 crore - Same day duplicate found - Similarity: 1.00
2025-01-31 19:59:11 - INFO - Duplicate found - Headline: Buy or sell: Vaishali Parekh recommends three stocks to buy today —January 31, 2025 - Same day duplicate found - Similarity: 1.00
2025-01-31 19:59:11 - INFO - Duplicate found - Headline: Buy or sell: Vaishali Parekh recommends three stocks to buy today —January 31, 2025 - Same day duplicate found - Similarity: 1.00
2025-01-31 19:59:11 - INFO - Duplicate found - Headline: Tata Consumer Products Q3 Results: Revenue rises 17% but margin narrows on higher costs - Same day duplicate found - Similarity: 1.00
2025-01-31 19:59:11 - INFO - Duplicate found - Headline: Tata Consumer Products Q3 Results: Revenue rises 17% but margin narrows on higher costs - Same day duplicate found - Similarity: 1.00
2025-01-31 19:59:11 - INFO - Duplicate found - Headline: Tata Motors shares under pressure after Q3 miss, guidance cut. What should investors do? - Same day duplicate found - Similarity: 1.00
2025-01-31 19:59:11 - INFO - Duplicate found - Headline: Tata Motors shares under pressure after Q3 miss, guidance cut. What should investors do? - Same day duplicate found - Similarity: 1.00
2025-01-31 19:59:11 - INFO - Duplicate found - Headline: Elon Musk is sleeping in DOGE office in Washington: Report - Same day duplicate found - Similarity: 1.00
2025-01-31 19:59:11 - INFO - Duplicate found - Headline: Elon Musk is sleeping in DOGE office in Washington: Report - Same day duplicate found - Similarity: 1.00
2025-01-31 19:59:11 - INFO - Duplicate found - Headline: South Africa beat Australia to qualify for U19WC 2025 decider - Same day duplicate found - Similarity: 1.00
2025-01-31 19:59:11 - INFO - Duplicate found - Headline: South Africa beat Australia to qualify for U19WC 2025 decider - Same day duplicate found - Similarity: 1.00
2025-01-31 19:59:11 - INFO - Duplicate found - Headline: Newly Discovered Asteroid Has a Real Chance of Hitting Earth in 2032, Scientists Say - Same day duplicate found - Similarity: 1.00
2025-01-31 19:59:11 - INFO - Duplicate found - Headline: Newly Discovered Asteroid Has a Real Chance of Hitting Earth in 2032, Scientists Say - Same day duplicate found - Similarity: 1.00
2025-01-31 19:59:11 - INFO - Duplicate found - Headline: Economic Survey credits retail investor surge for growth in India’s capital markets - Same day duplicate found - Similarity: 1.00
2025-01-31 19:59:11 - INFO - Duplicate found - Headline: Economic Survey credits retail investor surge for growth in India’s capital markets - Same day duplicate found - Similarity: 1.00
2025-01-31 19:59:11 - INFO - Duplicate found - Headline: PM Modi attacks Sonia Gandhi: 'Royal family of Congress insulted President' - Same day duplicate found - Similarity: 1.00
2025-01-31 19:59:11 - INFO - Duplicate found - Headline: PM Modi attacks Sonia Gandhi: 'Royal family of Congress insulted President' - Same day duplicate found - Similarity: 1.00
2025-01-31 19:59:11 - INFO - Duplicate found - Headline: 7 Aam Aadmi Party MLAs quit party ahead of Delhi polls; several were denied ticket to contest elections - Same day duplicate found - Similarity: 1.00
2025-01-31 19:59:11 - INFO - Duplicate found - Headline: 7 Aam Aadmi Party MLAs quit party ahead of Delhi polls; several were denied ticket to contest elections - Same day duplicate found - Similarity: 1.00
2025-01-31 19:59:11 - INFO - Duplicate found - Headline: Economic Survey gives a whole new twist to working hours debate - Same day duplicate found - Similarity: 1.00
2025-01-31 19:59:11 - INFO - Duplicate found - Headline: Economic Survey gives a whole new twist to working hours debate - Same day duplicate found - Similarity: 1.00
2025-01-31 19:59:11 - INFO - Duplicate found - Headline: 'Say goodbye to America': Donald Trump warns BRICS against dollar move - Same day duplicate found - Similarity: 1.00
2025-01-31 19:59:11 - INFO - Duplicate found - Headline: 'Say goodbye to America': Donald Trump warns BRICS against dollar move - Same day duplicate found - Similarity: 1.00
2025-01-31 19:59:11 - INFO - Duplicate found - Headline: May Goddess Lakshmi bless poor, middle-class: PM Modi ahead of Budget 2025 - Same day duplicate found - Similarity: 1.00
2025-01-31 19:59:11 - INFO - Duplicate found - Headline: May Goddess Lakshmi bless poor, middle-class: PM Modi ahead of Budget 2025 - Same day duplicate found - Similarity: 1.00
2025-01-31 19:59:11 - INFO - Duplicate found - Headline: Landing in 20 minutes: Indian womans last text to husband before US air crash, watch video - Same day duplicate found - Similarity: 1.00
2025-01-31 19:59:11 - INFO - Duplicate found - Headline: Landing in 20 minutes: Indian womans last text to husband before US air crash, watch video - Same day duplicate found - Similarity: 1.00
2025-01-31 19:59:11 - INFO - Duplicate found - Headline: Kejriwal reaches EC office, alleges poll body 'shooting the messenger' - Same day duplicate found - Similarity: 1.00
2025-01-31 19:59:11 - INFO - Duplicate found - Headline: Kejriwal reaches EC office, alleges poll body 'shooting the messenger' - Same day duplicate found - Similarity: 1.00
2025-01-31 19:59:11 - INFO - Duplicate found - Headline: Day after Maha Kumbh stampede: VIP passes cancelled, no-vehicle zone, curbs on routes - Same day duplicate found - Similarity: 1.00
2025-01-31 19:59:11 - INFO - Duplicate found - Headline: Day after Maha Kumbh stampede: VIP passes cancelled, no-vehicle zone, curbs on routes - Same day duplicate found - Similarity: 1.00
2025-01-31 19:59:11 - INFO - Duplicate found - Headline: Unmasking Guillain-Barré Syndrome: revelations from studies at NIMHANS - Same day duplicate found - Similarity: 1.00
2025-01-31 19:59:11 - INFO - Duplicate found - Headline: Unmasking Guillain-Barré Syndrome: revelations from studies at NIMHANS - Same day duplicate found - Similarity: 1.00
2025-01-31 19:59:11 - INFO - Duplicate found - Headline: Mini deal, macro focus: PM Modi to talk trade in US - Same day duplicate found - Similarity: 1.00
2025-01-31 19:59:11 - INFO - Duplicate found - Headline: Mini deal, macro focus: PM Modi to talk trade in US - Same day duplicate found - Similarity: 1.00
2025-01-31 19:59:11 - INFO - Duplicate found - Headline: Budget 2025: From STT to capital gains tax - Shankar Sharma’s wishlist for FM Nirmala Sitharaman - Same day duplicate found - Similarity: 1.00
2025-01-31 19:59:11 - INFO - Duplicate found - Headline: Budget 2025: From STT to capital gains tax - Shankar Sharma’s wishlist for FM Nirmala Sitharaman - Same day duplicate found - Similarity: 1.00
2025-01-31 19:59:11 - INFO - Duplicate found - Headline: Israel Suspends Prisoner Swap After Hostages Walked Through Crowds In Gaza: 'Shocking Scenes' - Different day duplicate found - Similarity: 1.00
2025-01-31 19:59:11 - INFO - Duplicate found - Headline: Israel Suspends Prisoner Swap After Hostages Walked Through Crowds In Gaza: 'Shocking Scenes' - Different day duplicate found - Similarity: 1.00
2025-01-31 19:59:11 - INFO - Duplicate found - Headline: High time to save moral values: Allahabad High Court on live-in relationships - Same day duplicate found - Similarity: 1.00
2025-01-31 19:59:11 - INFO - Duplicate found - Headline: High time to save moral values: Allahabad High Court on live-in relationships - Same day duplicate found - Similarity: 1.00
2025-01-31 19:59:11 - INFO - Duplicate found - Headline: Delhi Election 2025: Can BJP rock AAP's boat? Check latest Phalodi Satta Bazar prediction - Same day duplicate found - Similarity: 1.00
2025-01-31 19:59:11 - INFO - Duplicate found - Headline: Delhi Election 2025: Can BJP rock AAP's boat? Check latest Phalodi Satta Bazar prediction - Same day duplicate found - Similarity: 1.00
2025-01-31 19:59:11 - INFO - Duplicate found - Headline: Who is Shubhanshu Shukla, IAF officer set to take India to International Space Station for first time? - Same day duplicate found - Similarity: 1.00
2025-01-31 19:59:11 - INFO - Duplicate found - Headline: Who is Shubhanshu Shukla, IAF officer set to take India to International Space Station for first time? - Same day duplicate found - Similarity: 1.00
2025-01-31 19:59:11 - INFO - Duplicate found - Headline: Madras HC says T.N. Home Secretary must appear before it or face arrest warrant - Same day duplicate found - Similarity: 1.00
2025-01-31 19:59:11 - INFO - Duplicate found - Headline: Madras HC says T.N. Home Secretary must appear before it or face arrest warrant - Same day duplicate found - Similarity: 1.00
2025-01-31 19:59:11 - INFO - Duplicate found - Headline: India vs England Live Score Updates, 4th T20I: Mohammed Shami Dropped, Gautam Gambhir And Co Slammed For Team Selection - Same day duplicate found - Similarity: 1.00
2025-01-31 19:59:11 - INFO - Duplicate found - Headline: India vs England Live Score Updates, 4th T20I: Mohammed Shami Dropped, Gautam Gambhir And Co Slammed For Team Selection - Same day duplicate found - Similarity: 1.00
2025-01-31 19:59:11 - INFO - Duplicate found - Headline: Delhi air pollution: GRAP 3 curbs invoked in Delhi-NCR due to unfavourable meteorological conditions - Same day duplicate found - Similarity: 1.00
2025-01-31 19:59:11 - INFO - Duplicate found - Headline: Delhi air pollution: GRAP 3 curbs invoked in Delhi-NCR due to unfavourable meteorological conditions - Same day duplicate found - Similarity: 1.00
2025-01-31 19:59:11 - INFO - Duplicate found - Headline: After cross-voting by 3 councillors, BJPs Harpreet Babla is new Mayor of Chandigarh - Same day duplicate found - Similarity: 1.00
2025-01-31 19:59:11 - INFO - Duplicate found - Headline: After cross-voting by 3 councillors, BJPs Harpreet Babla is new Mayor of Chandigarh - Same day duplicate found - Similarity: 1.00
2025-01-31 19:59:11 - INFO - Duplicate found - Headline: RINL-Visakhapatnam Steel will not be privatised, says Steel Minister Kumaraswamy in Vizag - Same day duplicate found - Similarity: 1.00
2025-01-31 19:59:11 - INFO - Duplicate found - Headline: RINL-Visakhapatnam Steel will not be privatised, says Steel Minister Kumaraswamy in Vizag - Same day duplicate found - Similarity: 1.00
2025-01-31 19:59:11 - INFO - Duplicate found - Headline: Kerala teen’s death sparks outrage, mother says schoolmates bullied, beat him up - Same day duplicate found - Similarity: 1.00
2025-01-31 19:59:11 - INFO - Duplicate found - Headline: Kerala teen’s death sparks outrage, mother says schoolmates bullied, beat him up - Same day duplicate found - Similarity: 1.00
2025-01-31 19:59:11 - INFO - Duplicate found - Headline: India set up the U19WC 2025 final against South Africa with a dominant win over England - Same day duplicate found - Similarity: 1.00
2025-01-31 19:59:11 - INFO - Duplicate found - Headline: India set up the U19WC 2025 final against South Africa with a dominant win over England - Same day duplicate found - Similarity: 1.00
2025-01-31 19:59:11 - INFO - Duplicate found - Headline: Kinnar Akhara head expels Mamta Kulkarni, Laxmi Naarayan Tripathi for ‘treason’ - Same day duplicate found - Similarity: 1.00
2025-01-31 19:59:11 - INFO - Duplicate found - Headline: Kinnar Akhara head expels Mamta Kulkarni, Laxmi Naarayan Tripathi for ‘treason’ - Same day duplicate found - Similarity: 1.00
2025-01-31 19:59:11 - INFO - Duplicate found - Headline: Kejriwal lies just like Modi, but is more cunning, says Rahul Gandhi - Same day duplicate found - Similarity: 1.00
2025-01-31 19:59:11 - INFO - Duplicate found - Headline: Kejriwal lies just like Modi, but is more cunning, says Rahul Gandhi - Same day duplicate found - Similarity: 1.00
2025-01-31 19:59:11 - INFO - Duplicate found - Headline: Delhi polls: Police seizes vehicle labelled ‘Punjab government’ with cash, liquor; AAP calls it ‘planted stunt’ - Same day duplicate found - Similarity: 1.00
2025-01-31 19:59:11 - INFO - Duplicate found - Headline: Delhi polls: Police seizes vehicle labelled ‘Punjab government’ with cash, liquor; AAP calls it ‘planted stunt’ - Same day duplicate found - Similarity: 1.00
2025-01-31 19:59:11 - INFO - Duplicate found - Headline: Virat Kohli clean bowled: Who is Himanshu Sangwan, who ruined India superstar's Ranji Trophy return - Same day duplicate found - Similarity: 1.00
2025-01-31 19:59:11 - INFO - Duplicate found - Headline: Virat Kohli clean bowled: Who is Himanshu Sangwan, who ruined India superstar's Ranji Trophy return - Same day duplicate found - Similarity: 1.00
2025-01-31 19:59:11 - INFO - Duplicate found - Headline: Nifty futures’ combined open interest hits seven-year high ahead of Budget, RBI MPC meet - Same day duplicate found - Similarity: 1.00
2025-01-31 19:59:11 - INFO - Duplicate found - Headline: Nifty futures’ combined open interest hits seven-year high ahead of Budget, RBI MPC meet - Same day duplicate found - Similarity: 1.00
2025-01-31 19:59:11 - INFO - Duplicate found - Headline: Nithin Kamaths Advice To Retail Traders Ahead Of FM Sitharamans Budget Speech - Same day duplicate found - Similarity: 1.00
2025-01-31 19:59:11 - INFO - Duplicate found - Headline: Nithin Kamaths Advice To Retail Traders Ahead Of FM Sitharamans Budget Speech - Same day duplicate found - Similarity: 1.00
2025-01-31 19:59:11 - INFO - Duplicate found - Headline: How Mumbai police cracked Saif Ali Khan stabbing case using facial recognition - Same day duplicate found - Similarity: 1.00
2025-01-31 19:59:11 - INFO - Duplicate found - Headline: How Mumbai police cracked Saif Ali Khan stabbing case using facial recognition - Same day duplicate found - Similarity: 1.00
2025-01-31 19:59:11 - INFO - Duplicate found - Headline: Pushpa 2 Worldwide Closing Box Office: Allu Arjun's Mega Blockbuster is Biggest Grosser in India - Same day duplicate found - Similarity: 1.00
2025-01-31 19:59:11 - INFO - Duplicate found - Headline: Pushpa 2 Worldwide Closing Box Office: Allu Arjun's Mega Blockbuster is Biggest Grosser in India - Same day duplicate found - Similarity: 1.00
2025-01-31 19:59:12 - INFO - Duplicate found - Headline: Gold price hits all-time high in Chennai, sovereign costs Rs 61,840 on Jan 31 - Same day duplicate found - Similarity: 1.00
2025-01-31 19:59:12 - INFO - Duplicate found - Headline: Gold price hits all-time high in Chennai, sovereign costs Rs 61,840 on Jan 31 - Same day duplicate found - Similarity: 1.00
2025-01-31 19:59:12 - INFO - Duplicate found - Headline: BEL Q3 results: Defence PSU records 47% jump in PAT at Rs 1,316 crore, revenue up 37% - Same day duplicate found - Similarity: 1.00
2025-01-31 19:59:12 - INFO - Duplicate found - Headline: BEL Q3 results: Defence PSU records 47% jump in PAT at Rs 1,316 crore, revenue up 37% - Same day duplicate found - Similarity: 1.00
2025-01-31 19:59:12 - INFO - Duplicate found - Headline: Deva first movie review out: Shahid Kapoor, Pooja Hegde's 'explosive' cop drama packs action, drama and surpr - Same day duplicate found - Similarity: 1.00
2025-01-31 19:59:12 - INFO - Duplicate found - Headline: Deva first movie review out: Shahid Kapoor, Pooja Hegde's 'explosive' cop drama packs action, drama and surpr - Same day duplicate found - Similarity: 1.00
2025-01-31 19:59:12 - INFO - Duplicate found - Headline: Bombay High Court appoints ex-Supreme Court judge to mediate dispute between Lodha brothers - Same day duplicate found - Similarity: 1.00
2025-01-31 19:59:12 - INFO - Duplicate found - Headline: Bombay High Court appoints ex-Supreme Court judge to mediate dispute between Lodha brothers - Same day duplicate found - Similarity: 1.00
2025-01-31 19:59:12 - INFO - Duplicate found - Headline: Bank of Baroda shares fall 5% as brokerages cut target price on Q3 miss - Same day duplicate found - Similarity: 1.00
2025-01-31 19:59:12 - INFO - Duplicate found - Headline: Bank of Baroda shares fall 5% as brokerages cut target price on Q3 miss - Same day duplicate found - Similarity: 1.00
2025-01-31 19:59:12 - INFO - Duplicate found - Headline: L&T share price jumps 5% after Q3 results. Should you buy, sell or hold? - Same day duplicate found - Similarity: 1.00
2025-01-31 19:59:12 - INFO - Duplicate found - Headline: L&T share price jumps 5% after Q3 results. Should you buy, sell or hold? - Same day duplicate found - Similarity: 1.00
2025-01-31 19:59:12 - INFO - Duplicate found - Headline: Waaree Energies share price soars 14% after net profit jumps 260% in Q3 - Same day duplicate found - Similarity: 1.00
2025-01-31 19:59:12 - INFO - Duplicate found - Headline: Waaree Energies share price soars 14% after net profit jumps 260% in Q3 - Same day duplicate found - Similarity: 1.00
2025-01-31 19:59:12 - INFO - Duplicate found - Headline: Vedanta Q3 results: Net profit jumps 77% to Rs 3,547 crore - Same day duplicate found - Similarity: 1.00
2025-01-31 19:59:12 - INFO - Duplicate found - Headline: Vedanta Q3 results: Net profit jumps 77% to Rs 3,547 crore - Same day duplicate found - Similarity: 1.00
2025-01-31 19:59:12 - INFO - Duplicate found - Headline: An analyst cuts Kalyan Jewellers share price target after the stock falls 45% from peak - Same day duplicate found - Similarity: 1.00
2025-01-31 19:59:12 - INFO - Duplicate found - Headline: An analyst cuts Kalyan Jewellers share price target after the stock falls 45% from peak - Same day duplicate found - Similarity: 1.00
2025-01-31 19:59:12 - INFO - Duplicate found - Headline: Donald Trump says birthright citizenship was for children of slaves, not for world to ‘pile’ into US - Same day duplicate found - Similarity: 1.00
2025-01-31 19:59:12 - INFO - Duplicate found - Headline: Donald Trump says birthright citizenship was for children of slaves, not for world to ‘pile’ into US - Same day duplicate found - Similarity: 1.00
2025-01-31 19:59:12 - INFO - Duplicate found - Headline: IndusInd Bank Q3 Results: Standalone PAT declines 39% YoY to Rs 1,401 crore, but beats estimates - Same day duplicate found - Similarity: 1.00
2025-01-31 19:59:12 - INFO - Duplicate found - Headline: IndusInd Bank Q3 Results: Standalone PAT declines 39% YoY to Rs 1,401 crore, but beats estimates - Same day duplicate found - Similarity: 1.00
2025-01-31 19:59:12 - INFO - Duplicate found - Headline: Economic Survey 2025 LIVE: Proposal for 'health tax' on ultra-processed foods - Same day duplicate found - Similarity: 1.00
2025-01-31 19:59:12 - INFO - Duplicate found - Headline: Economic Survey 2025 LIVE: Proposal for 'health tax' on ultra-processed foods - Same day duplicate found - Similarity: 1.00
2025-01-31 19:59:12 - INFO - Duplicate found - Headline: Monalisa, 16-year-old viral girl at Mahakumbh, bags lead role in Hindi film: ‘Mehnat karungi’ - Same day duplicate found - Similarity: 1.00
2025-01-31 19:59:12 - INFO - Duplicate found - Headline: Monalisa, 16-year-old viral girl at Mahakumbh, bags lead role in Hindi film: ‘Mehnat karungi’ - Same day duplicate found - Similarity: 1.00
2025-01-31 19:59:12 - INFO - Duplicate found - Headline: 5 Things to Know About Apple's Performance in India From CEO Tim Cook's Q4 Results Call - Same day duplicate found - Similarity: 1.00
2025-01-31 19:59:12 - INFO - Duplicate found - Headline: 5 Things to Know About Apple's Performance in India From CEO Tim Cook's Q4 Results Call - Same day duplicate found - Similarity: 1.00
2025-01-31 19:59:12 - INFO - Duplicate found - Headline: OFFICIAL: Real Madrid face Manchester City in UEFA Champions League playoff round - Same day duplicate found - Similarity: 1.00
2025-01-31 19:59:12 - INFO - Duplicate found - Headline: OFFICIAL: Real Madrid face Manchester City in UEFA Champions League playoff round - Same day duplicate found - Similarity: 1.00
2025-01-31 19:59:13 - INFO - Duplicate found - Headline: Jindal Steel and Power share price declines 13% post Q3 results: Do you own it? - Same day duplicate found - Similarity: 1.00
2025-01-31 19:59:13 - INFO - Duplicate found - Headline: Jindal Steel and Power share price declines 13% post Q3 results: Do you own it? - Same day duplicate found - Similarity: 1.00
2025-01-31 19:59:13 - INFO - Duplicate found - Headline: Key batter ruled out as Pakistan name ICC Men’s Champions Trophy 2025 squad - Same day duplicate found - Similarity: 1.00
2025-01-31 19:59:13 - INFO - Duplicate found - Headline: Key batter ruled out as Pakistan name ICC Men’s Champions Trophy 2025 squad - Same day duplicate found - Similarity: 1.00
2025-01-31 19:59:13 - INFO - Duplicate found - Headline: Mumbai Indians owners win bid for 49% stake in Oval Invincibles - Same day duplicate found - Similarity: 1.00
2025-01-31 19:59:13 - INFO - Duplicate found - Headline: Mumbai Indians owners win bid for 49% stake in Oval Invincibles - Same day duplicate found - Similarity: 1.00
2025-01-31 19:59:13 - INFO - Duplicate found - Headline: GAIL Q3 Results: Stock rises despite missing estimates on EBITDA, margin front - Same day duplicate found - Similarity: 1.00
2025-01-31 19:59:13 - INFO - Duplicate found - Headline: GAIL Q3 Results: Stock rises despite missing estimates on EBITDA, margin front - Same day duplicate found - Similarity: 1.00
2025-01-31 19:59:13 - INFO - Duplicate found - Headline: Deva vs Sky Force Box Office: Shahid Kapoor’s Film Gives A Tough Fight With Only 2% Gap In Ticket Sales, Gear Up For The Exciting Battle! - Same day duplicate found - Similarity: 1.00
2025-01-31 19:59:13 - INFO - Duplicate found - Headline: Deva vs Sky Force Box Office: Shahid Kapoor’s Film Gives A Tough Fight With Only 2% Gap In Ticket Sales, Gear Up For The Exciting Battle! - Same day duplicate found - Similarity: 1.00
2025-01-31 19:59:13 - INFO - Duplicate found - Headline: Adani Enterprises Q3 Results: Profit falls 97% YoY to Rs 58 crore - Same day duplicate found - Similarity: 1.00
2025-01-31 19:59:13 - INFO - Duplicate found - Headline: Adani Enterprises Q3 Results: Profit falls 97% YoY to Rs 58 crore - Same day duplicate found - Similarity: 1.00
2025-01-31 19:59:13 - INFO - Duplicate found - Headline: Buy or sell: Vaishali Parekh recommends three stocks to buy today —January 31, 2025 - Same day duplicate found - Similarity: 1.00
2025-01-31 19:59:13 - INFO - Duplicate found - Headline: Buy or sell: Vaishali Parekh recommends three stocks to buy today —January 31, 2025 - Same day duplicate found - Similarity: 1.00
2025-01-31 19:59:13 - INFO - Duplicate found - Headline: Injury sees key Australia all-rounder ruled out of Champions Trophy - Same day duplicate found - Similarity: 1.00
2025-01-31 19:59:13 - INFO - Duplicate found - Headline: Injury sees key Australia all-rounder ruled out of Champions Trophy - Same day duplicate found - Similarity: 1.00
2025-01-31 19:59:13 - INFO - Duplicate found - Headline: Tata Consumer Products Q3 Results: Revenue rises 17% but margin narrows on higher costs - Same day duplicate found - Similarity: 1.00
2025-01-31 19:59:13 - INFO - Duplicate found - Headline: Tata Consumer Products Q3 Results: Revenue rises 17% but margin narrows on higher costs - Same day duplicate found - Similarity: 1.00
2025-01-31 19:59:13 - INFO - Duplicate found - Headline: Tata Motors shares under pressure after Q3 miss, guidance cut. What should investors do? - Same day duplicate found - Similarity: 1.00
2025-01-31 19:59:13 - INFO - Duplicate found - Headline: Tata Motors shares under pressure after Q3 miss, guidance cut. What should investors do? - Same day duplicate found - Similarity: 1.00
2025-01-31 19:59:13 - INFO - Duplicate found - Headline: Elon Musk is sleeping in DOGE office in Washington: Report - Same day duplicate found - Similarity: 1.00
2025-01-31 19:59:13 - INFO - Duplicate found - Headline: Elon Musk is sleeping in DOGE office in Washington: Report - Same day duplicate found - Similarity: 1.00
2025-01-31 19:59:13 - INFO - Duplicate found - Headline: South Africa beat Australia to qualify for U19WC 2025 decider - Same day duplicate found - Similarity: 1.00
2025-01-31 19:59:13 - INFO - Duplicate found - Headline: South Africa beat Australia to qualify for U19WC 2025 decider - Same day duplicate found - Similarity: 1.00
2025-01-31 19:59:13 - INFO - Duplicate found - Headline: Newly Discovered Asteroid Has a Real Chance of Hitting Earth in 2032, Scientists Say - Same day duplicate found - Similarity: 1.00
2025-01-31 19:59:13 - INFO - Duplicate found - Headline: Newly Discovered Asteroid Has a Real Chance of Hitting Earth in 2032, Scientists Say - Same day duplicate found - Similarity: 1.00
2025-01-31 19:59:13 - INFO - Duplicate found - Headline: Economic Survey credits retail investor surge for growth in India’s capital markets - Same day duplicate found - Similarity: 1.00
2025-01-31 19:59:13 - INFO - Duplicate found - Headline: Economic Survey credits retail investor surge for growth in India’s capital markets - Same day duplicate found - Similarity: 1.00
2025-01-31 19:59:13 - INFO - Duplicate found - Headline: PM Modi attacks Sonia Gandhi: 'Royal family of Congress insulted President' - Same day duplicate found - Similarity: 1.00
2025-01-31 19:59:13 - INFO - Duplicate found - Headline: PM Modi attacks Sonia Gandhi: 'Royal family of Congress insulted President' - Same day duplicate found - Similarity: 1.00
2025-01-31 19:59:13 - INFO - Duplicate found - Headline: 7 Aam Aadmi Party MLAs quit party ahead of Delhi polls; several were denied ticket to contest elections - Same day duplicate found - Similarity: 1.00
2025-01-31 19:59:13 - INFO - Duplicate found - Headline: 7 Aam Aadmi Party MLAs quit party ahead of Delhi polls; several were denied ticket to contest elections - Same day duplicate found - Similarity: 1.00
2025-01-31 19:59:13 - INFO - Duplicate found - Headline: Economic Survey gives a whole new twist to working hours debate - Same day duplicate found - Similarity: 1.00
2025-01-31 19:59:13 - INFO - Duplicate found - Headline: Economic Survey gives a whole new twist to working hours debate - Same day duplicate found - Similarity: 1.00
2025-01-31 19:59:13 - INFO - Duplicate found - Headline: 'Say goodbye to America': Donald Trump warns BRICS against dollar move - Same day duplicate found - Similarity: 1.00
2025-01-31 19:59:13 - INFO - Duplicate found - Headline: 'Say goodbye to America': Donald Trump warns BRICS against dollar move - Same day duplicate found - Similarity: 1.00
2025-01-31 19:59:13 - INFO - Duplicate found - Headline: Budget 2025 expectations highlights: What India wants from FM Nirmala Sitharaman on February 1 - Same day duplicate found - Similarity: 1.00
2025-01-31 19:59:13 - INFO - Duplicate found - Headline: Budget 2025 expectations highlights: What India wants from FM Nirmala Sitharaman on February 1 - Same day duplicate found - Similarity: 1.00
2025-01-31 19:59:13 - INFO - Duplicate found - Headline: Kejriwal reaches EC office, alleges poll body 'shooting the messenger' - Same day duplicate found - Similarity: 1.00
2025-01-31 19:59:13 - INFO - Duplicate found - Headline: Kejriwal reaches EC office, alleges poll body 'shooting the messenger' - Same day duplicate found - Similarity: 1.00
2025-01-31 19:59:13 - INFO - Duplicate found - Headline: Plane crash in Washington DC kills all 67 onboard; teen figure skaters, group of hunters and students among victims - Same day duplicate found - Similarity: 1.00
2025-01-31 19:59:13 - INFO - Duplicate found - Headline: Plane crash in Washington DC kills all 67 onboard; teen figure skaters, group of hunters and students among victims - Same day duplicate found - Similarity: 1.00
2025-01-31 19:59:13 - INFO - Duplicate found - Headline: Day after Maha Kumbh stampede: VIP passes cancelled, no-vehicle zone, curbs on routes - Same day duplicate found - Similarity: 1.00
2025-01-31 19:59:13 - INFO - Duplicate found - Headline: Day after Maha Kumbh stampede: VIP passes cancelled, no-vehicle zone, curbs on routes - Same day duplicate found - Similarity: 1.00
2025-01-31 19:59:13 - INFO - Duplicate found - Headline: Unmasking Guillain-Barré Syndrome: revelations from studies at NIMHANS - Same day duplicate found - Similarity: 1.00
2025-01-31 19:59:13 - INFO - Duplicate found - Headline: Unmasking Guillain-Barré Syndrome: revelations from studies at NIMHANS - Same day duplicate found - Similarity: 1.00
2025-01-31 19:59:13 - INFO - Duplicate found - Headline: Mini deal, macro focus: PM Modi to talk trade in US - Same day duplicate found - Similarity: 1.00
2025-01-31 19:59:13 - INFO - Duplicate found - Headline: Mini deal, macro focus: PM Modi to talk trade in US - Same day duplicate found - Similarity: 1.00
2025-01-31 19:59:13 - INFO - Duplicate found - Headline: Israel Suspends Prisoner Swap After Hostages Walked Through Crowds In Gaza: 'Shocking Scenes' - Different day duplicate found - Similarity: 1.00
2025-01-31 19:59:13 - INFO - Duplicate found - Headline: Israel Suspends Prisoner Swap After Hostages Walked Through Crowds In Gaza: 'Shocking Scenes' - Different day duplicate found - Similarity: 1.00
2025-01-31 19:59:13 - INFO - Duplicate found - Headline: Budget 2025: Did PM Narendra Modi hint at income tax relief for the middle class? - Same day duplicate found - Similarity: 1.00
2025-01-31 19:59:13 - INFO - Duplicate found - Headline: Budget 2025: Did PM Narendra Modi hint at income tax relief for the middle class? - Same day duplicate found - Similarity: 1.00
2025-01-31 19:59:13 - INFO - Duplicate found - Headline: High time to save moral values: Allahabad High Court on live-in relationships - Same day duplicate found - Similarity: 1.00
2025-01-31 19:59:13 - INFO - Duplicate found - Headline: High time to save moral values: Allahabad High Court on live-in relationships - Same day duplicate found - Similarity: 1.00
2025-01-31 19:59:13 - INFO - Duplicate found - Headline: Delhi Election 2025: Can BJP rock AAP's boat? Check latest Phalodi Satta Bazar prediction - Same day duplicate found - Similarity: 1.00
2025-01-31 19:59:13 - INFO - Duplicate found - Headline: Delhi Election 2025: Can BJP rock AAP's boat? Check latest Phalodi Satta Bazar prediction - Same day duplicate found - Similarity: 1.00
2025-01-31 19:59:13 - INFO - Duplicate found - Headline: Who is Shubhanshu Shukla, IAF officer set to take India to International Space Station for first time? - Same day duplicate found - Similarity: 1.00
2025-01-31 19:59:13 - INFO - Duplicate found - Headline: Who is Shubhanshu Shukla, IAF officer set to take India to International Space Station for first time? - Same day duplicate found - Similarity: 1.00
2025-01-31 19:59:13 - INFO - Duplicate found - Headline: Madras HC says T.N. Home Secretary must appear before it or face arrest warrant - Same day duplicate found - Similarity: 1.00
2025-01-31 19:59:13 - INFO - Duplicate found - Headline: Madras HC says T.N. Home Secretary must appear before it or face arrest warrant - Same day duplicate found - Similarity: 1.00
2025-01-31 19:59:13 - INFO - Duplicate found - Headline: India vs England Live Score Updates, 4th T20I: Mohammed Shami Dropped, Gautam Gambhir And Co Slammed For Team Selection - Same day duplicate found - Similarity: 1.00
2025-01-31 19:59:13 - INFO - Duplicate found - Headline: India vs England Live Score Updates, 4th T20I: Mohammed Shami Dropped, Gautam Gambhir And Co Slammed For Team Selection - Same day duplicate found - Similarity: 1.00
2025-01-31 19:59:13 - INFO - Duplicate found - Headline: Delhi air pollution: GRAP 3 curbs invoked in Delhi-NCR due to unfavourable meteorological conditions - Same day duplicate found - Similarity: 1.00
2025-01-31 19:59:13 - INFO - Duplicate found - Headline: Delhi air pollution: GRAP 3 curbs invoked in Delhi-NCR due to unfavourable meteorological conditions - Same day duplicate found - Similarity: 1.00
2025-01-31 19:59:13 - INFO - Duplicate found - Headline: After cross-voting by 3 councillors, BJPs Harpreet Babla is new Mayor of Chandigarh - Same day duplicate found - Similarity: 1.00
2025-01-31 19:59:13 - INFO - Duplicate found - Headline: After cross-voting by 3 councillors, BJPs Harpreet Babla is new Mayor of Chandigarh - Same day duplicate found - Similarity: 1.00
2025-01-31 19:59:13 - INFO - Duplicate found - Headline: IMD Rain Alert: Signs of rain on 2 and 3 February, cold will increase due to falling temperature - Same day duplicate found - Similarity: 1.00
2025-01-31 19:59:13 - INFO - Duplicate found - Headline: IMD Rain Alert: Signs of rain on 2 and 3 February, cold will increase due to falling temperature - Same day duplicate found - Similarity: 1.00
2025-01-31 19:59:13 - INFO - Duplicate found - Headline: RINL-Visakhapatnam Steel will not be privatised, says Steel Minister Kumaraswamy in Vizag - Same day duplicate found - Similarity: 1.00
2025-01-31 19:59:13 - INFO - Duplicate found - Headline: RINL-Visakhapatnam Steel will not be privatised, says Steel Minister Kumaraswamy in Vizag - Same day duplicate found - Similarity: 1.00
2025-01-31 19:59:13 - INFO - Duplicate found - Headline: Kerala teen’s death sparks outrage, mother says schoolmates bullied, beat him up - Same day duplicate found - Similarity: 1.00
2025-01-31 19:59:13 - INFO - Duplicate found - Headline: Kerala teen’s death sparks outrage, mother says schoolmates bullied, beat him up - Same day duplicate found - Similarity: 1.00
2025-01-31 19:59:13 - INFO - Duplicate found - Headline: Kejriwal lies just like Modi, but is more cunning, says Rahul Gandhi - Same day duplicate found - Similarity: 1.00
2025-01-31 19:59:13 - INFO - Duplicate found - Headline: Kejriwal lies just like Modi, but is more cunning, says Rahul Gandhi - Same day duplicate found - Similarity: 1.00
2025-01-31 19:59:13 - INFO - Duplicate found - Headline: India set up the U19WC 2025 final against South Africa with a dominant win over England - Same day duplicate found - Similarity: 1.00
2025-01-31 19:59:13 - INFO - Duplicate found - Headline: India set up the U19WC 2025 final against South Africa with a dominant win over England - Same day duplicate found - Similarity: 1.00
2025-01-31 19:59:13 - INFO - Duplicate found - Headline: Kinnar Akhara head expels Mamta Kulkarni, Laxmi Naarayan Tripathi for ‘treason’ - Same day duplicate found - Similarity: 1.00
2025-01-31 19:59:13 - INFO - Duplicate found - Headline: Kinnar Akhara head expels Mamta Kulkarni, Laxmi Naarayan Tripathi for ‘treason’ - Same day duplicate found - Similarity: 1.00
2025-01-31 19:59:13 - INFO - Duplicate found - Headline: Delhi polls: Police seizes vehicle labelled ‘Punjab government’ with cash, liquor; AAP calls it ‘planted stunt’ - Same day duplicate found - Similarity: 1.00
2025-01-31 19:59:13 - INFO - Duplicate found - Headline: Delhi polls: Police seizes vehicle labelled ‘Punjab government’ with cash, liquor; AAP calls it ‘planted stunt’ - Same day duplicate found - Similarity: 1.00
2025-01-31 19:59:13 - INFO - Duplicate found - Headline: Virat Kohli clean bowled: Who is Himanshu Sangwan, who ruined India superstar's Ranji Trophy return - Same day duplicate found - Similarity: 1.00
2025-01-31 19:59:13 - INFO - Duplicate found - Headline: Virat Kohli clean bowled: Who is Himanshu Sangwan, who ruined India superstar's Ranji Trophy return - Same day duplicate found - Similarity: 1.00
2025-01-31 19:59:13 - INFO - Duplicate found - Headline: Nifty futures’ combined open interest hits seven-year high ahead of Budget, RBI MPC meet - Same day duplicate found - Similarity: 1.00
2025-01-31 19:59:13 - INFO - Duplicate found - Headline: Nifty futures’ combined open interest hits seven-year high ahead of Budget, RBI MPC meet - Same day duplicate found - Similarity: 1.00
2025-01-31 19:59:13 - INFO - Duplicate found - Headline: Nithin Kamaths Advice To Retail Traders Ahead Of FM Sitharamans Budget Speech - Same day duplicate found - Similarity: 1.00
2025-01-31 19:59:13 - INFO - Duplicate found - Headline: Nithin Kamaths Advice To Retail Traders Ahead Of FM Sitharamans Budget Speech - Same day duplicate found - Similarity: 1.00
2025-01-31 19:59:13 - INFO - Duplicate found - Headline: How Mumbai police cracked Saif Ali Khan stabbing case using facial recognition - Same day duplicate found - Similarity: 1.00
2025-01-31 19:59:13 - INFO - Duplicate found - Headline: How Mumbai police cracked Saif Ali Khan stabbing case using facial recognition - Same day duplicate found - Similarity: 1.00
2025-01-31 19:59:13 - INFO - Duplicate found - Headline: Deva Movie Review: Shahid Kapoor, Pooja Hegde's Thriller Blends Grit, Action And Intrigue - Same day duplicate found - Similarity: 1.00
2025-01-31 19:59:13 - INFO - Duplicate found - Headline: Deva Movie Review: Shahid Kapoor, Pooja Hegde's Thriller Blends Grit, Action And Intrigue - Same day duplicate found - Similarity: 1.00
2025-01-31 19:59:13 - INFO - Duplicate found - Headline: Pushpa 2 Worldwide Closing Box Office: Allu Arjun's Mega Blockbuster is Biggest Grosser in India - Same day duplicate found - Similarity: 1.00
2025-01-31 19:59:13 - INFO - Duplicate found - Headline: Pushpa 2 Worldwide Closing Box Office: Allu Arjun's Mega Blockbuster is Biggest Grosser in India - Same day duplicate found - Similarity: 1.00
2025-01-31 19:59:13 - INFO - Duplicate found - Headline: Gold price hits all-time high in Chennai, sovereign costs Rs 61,840 on Jan 31 - Same day duplicate found - Similarity: 1.00
2025-01-31 19:59:13 - INFO - Duplicate found - Headline: Gold price hits all-time high in Chennai, sovereign costs Rs 61,840 on Jan 31 - Same day duplicate found - Similarity: 1.00
2025-01-31 19:59:13 - INFO - Duplicate found - Headline: Ola Electric launches Gen 3 range of scooters: Check prices, specifications - Same day duplicate found - Similarity: 1.00
2025-01-31 19:59:13 - INFO - Duplicate found - Headline: Ola Electric launches Gen 3 range of scooters: Check prices, specifications - Same day duplicate found - Similarity: 1.00
2025-01-31 19:59:13 - INFO - Duplicate found - Headline: Bharat Electronics Q3 Results 2025 on 31 Jan, 2025: profit rise by 52.51% YOY, profit at ₹1310.95 crore and revenue at ₹5770.69 crore - Same day duplicate found - Similarity: 1.00
2025-01-31 19:59:13 - INFO - Duplicate found - Headline: Bharat Electronics Q3 Results 2025 on 31 Jan, 2025: profit rise by 52.51% YOY, profit at ₹1310.95 crore and revenue at ₹5770.69 crore - Same day duplicate found - Similarity: 1.00
2025-01-31 19:59:13 - INFO - Duplicate found - Headline: Bombay High Court appoints ex-Supreme Court judge to mediate dispute between Lodha brothers - Same day duplicate found - Similarity: 1.00
2025-01-31 19:59:13 - INFO - Duplicate found - Headline: Bombay High Court appoints ex-Supreme Court judge to mediate dispute between Lodha brothers - Same day duplicate found - Similarity: 1.00
2025-01-31 19:59:13 - INFO - Duplicate found - Headline: Bank of Baroda shares fall 5% as brokerages cut target price on Q3 miss - Same day duplicate found - Similarity: 1.00
2025-01-31 19:59:13 - INFO - Duplicate found - Headline: Bank of Baroda shares fall 5% as brokerages cut target price on Q3 miss - Same day duplicate found - Similarity: 1.00
2025-01-31 19:59:13 - INFO - Duplicate found - Headline: L&T share price jumps 5% after Q3 results. Should you buy, sell or hold? - Same day duplicate found - Similarity: 1.00
2025-01-31 19:59:13 - INFO - Duplicate found - Headline: L&T share price jumps 5% after Q3 results. Should you buy, sell or hold? - Same day duplicate found - Similarity: 1.00
2025-01-31 19:59:13 - INFO - Duplicate found - Headline: Waaree Energies share price soars 14% after net profit jumps 260% in Q3 - Same day duplicate found - Similarity: 1.00
2025-01-31 19:59:13 - INFO - Duplicate found - Headline: Waaree Energies share price soars 14% after net profit jumps 260% in Q3 - Same day duplicate found - Similarity: 1.00
2025-01-31 19:59:13 - INFO - Duplicate found - Headline: Vedanta Q3 results: Net profit jumps 77% to Rs 3,547 crore - Same day duplicate found - Similarity: 1.00
2025-01-31 19:59:13 - INFO - Duplicate found - Headline: Vedanta Q3 results: Net profit jumps 77% to Rs 3,547 crore - Same day duplicate found - Similarity: 1.00
2025-01-31 19:59:13 - INFO - Duplicate found - Headline: An analyst cuts Kalyan Jewellers share price target after the stock falls 45% from peak - Same day duplicate found - Similarity: 1.00
2025-01-31 19:59:13 - INFO - Duplicate found - Headline: An analyst cuts Kalyan Jewellers share price target after the stock falls 45% from peak - Same day duplicate found - Similarity: 1.00
2025-01-31 19:59:13 - INFO - Duplicate found - Headline: Donald Trump says birthright citizenship was for children of slaves, not for world to ‘pile’ into US - Same day duplicate found - Similarity: 1.00
2025-01-31 19:59:13 - INFO - Duplicate found - Headline: Donald Trump says birthright citizenship was for children of slaves, not for world to ‘pile’ into US - Same day duplicate found - Similarity: 1.00
2025-01-31 19:59:13 - INFO - Duplicate found - Headline: Locuz, Jio, NxtGen, E2E, to get headstart in supplying GPUs - Same day duplicate found - Similarity: 1.00
2025-01-31 19:59:13 - INFO - Duplicate found - Headline: Locuz, Jio, NxtGen, E2E, to get headstart in supplying GPUs - Same day duplicate found - Similarity: 1.00
2025-01-31 19:59:13 - INFO - Duplicate found - Headline: IndusInd Bank Q3 Results: Standalone PAT declines 39% YoY to Rs 1,401 crore, but beats estimates - Same day duplicate found - Similarity: 1.00
2025-01-31 19:59:13 - INFO - Duplicate found - Headline: IndusInd Bank Q3 Results: Standalone PAT declines 39% YoY to Rs 1,401 crore, but beats estimates - Same day duplicate found - Similarity: 1.00
2025-01-31 19:59:13 - INFO - Duplicate found - Headline: Economic Survey 2025 LIVE: Proposal for 'health tax' on ultra-processed foods - Same day duplicate found - Similarity: 1.00
2025-01-31 19:59:13 - INFO - Duplicate found - Headline: Economic Survey 2025 LIVE: Proposal for 'health tax' on ultra-processed foods - Same day duplicate found - Similarity: 1.00
2025-01-31 19:59:13 - INFO - Duplicate found - Headline: Monalisa, 16-year-old viral girl at Mahakumbh, bags lead role in Hindi film: ‘Mehnat karungi’ - Same day duplicate found - Similarity: 1.00
2025-01-31 19:59:13 - INFO - Duplicate found - Headline: Monalisa, 16-year-old viral girl at Mahakumbh, bags lead role in Hindi film: ‘Mehnat karungi’ - Same day duplicate found - Similarity: 1.00
2025-01-31 19:59:13 - INFO - Duplicate found - Headline: OFFICIAL: Real Madrid face Manchester City in UEFA Champions League playoff round - Same day duplicate found - Similarity: 1.00
2025-01-31 19:59:13 - INFO - Duplicate found - Headline: OFFICIAL: Real Madrid face Manchester City in UEFA Champions League playoff round - Same day duplicate found - Similarity: 1.00
2025-01-31 19:59:13 - INFO - Duplicate found - Headline: 5 Things to Know About Apple's Performance in India From CEO Tim Cook's Q4 Results Call - Same day duplicate found - Similarity: 1.00
2025-01-31 19:59:13 - INFO - Duplicate found - Headline: 5 Things to Know About Apple's Performance in India From CEO Tim Cook's Q4 Results Call - Same day duplicate found - Similarity: 1.00
2025-01-31 19:59:13 - INFO - Duplicate found - Headline: Shardul Thakur, the gift that keeps on giving - Same day duplicate found - Similarity: 1.00
2025-01-31 19:59:13 - INFO - Duplicate found - Headline: Shardul Thakur, the gift that keeps on giving - Same day duplicate found - Similarity: 1.00
2025-01-31 19:59:13 - INFO - Duplicate found - Headline: Champions Trophy: Rohit Sharma not to travel to Pakistan for photoshoot - Same day duplicate found - Similarity: 1.00
2025-01-31 19:59:13 - INFO - Duplicate found - Headline: Champions Trophy: Rohit Sharma not to travel to Pakistan for photoshoot - Same day duplicate found - Similarity: 1.00
2025-01-31 19:59:13 - INFO - Duplicate found - Headline: Jindal Steel and Power share price declines 13% post Q3 results: Do you own it? - Same day duplicate found - Similarity: 1.00
2025-01-31 19:59:13 - INFO - Duplicate found - Headline: Jindal Steel and Power share price declines 13% post Q3 results: Do you own it? - Same day duplicate found - Similarity: 1.00
2025-01-31 19:59:13 - INFO - Duplicate found - Headline: Key batter ruled out as Pakistan name ICC Men’s Champions Trophy 2025 squad - Same day duplicate found - Similarity: 1.00
2025-01-31 19:59:13 - INFO - Duplicate found - Headline: Key batter ruled out as Pakistan name ICC Men’s Champions Trophy 2025 squad - Same day duplicate found - Similarity: 1.00
2025-01-31 19:59:13 - INFO - Duplicate found - Headline: Mitchell Marsh out of Champions Trophy with back injury - Same day duplicate found - Similarity: 1.00
2025-01-31 19:59:13 - INFO - Duplicate found - Headline: Mitchell Marsh out of Champions Trophy with back injury - Same day duplicate found - Similarity: 1.00
2025-01-31 19:59:13 - INFO - Duplicate found - Headline: Sky Force Box Office Day 7: Misses 100 Crore Club, Fails To Beat Akshay Kumar's Fastest Record Made 2251 Days Ago! - Same day duplicate found - Similarity: 1.00
2025-01-31 19:59:13 - INFO - Duplicate found - Headline: Sky Force Box Office Day 7: Misses 100 Crore Club, Fails To Beat Akshay Kumar's Fastest Record Made 2251 Days Ago! - Same day duplicate found - Similarity: 1.00
2025-01-31 19:59:13 - INFO - Duplicate found - Headline: The Hundred: MI bag Oval Invincibles for GBP 123 million - Same day duplicate found - Similarity: 1.00
2025-01-31 19:59:13 - INFO - Duplicate found - Headline: The Hundred: MI bag Oval Invincibles for GBP 123 million - Same day duplicate found - Similarity: 1.00
2025-01-31 19:59:13 - INFO - Duplicate found - Headline: GAIL Q3 Results: Stock rises despite missing estimates on EBITDA, margin front - Same day duplicate found - Similarity: 1.00
2025-01-31 19:59:13 - INFO - Duplicate found - Headline: GAIL Q3 Results: Stock rises despite missing estimates on EBITDA, margin front - Same day duplicate found - Similarity: 1.00
2025-01-31 19:59:13 - INFO - Duplicate found - Headline: Adani Enterprises Q3 Results: Profit falls 97% YoY to Rs 58 crore - Same day duplicate found - Similarity: 1.00
2025-01-31 19:59:13 - INFO - Duplicate found - Headline: Adani Enterprises Q3 Results: Profit falls 97% YoY to Rs 58 crore - Same day duplicate found - Similarity: 1.00
2025-01-31 19:59:13 - INFO - Duplicate found - Headline: Buy or sell: Vaishali Parekh recommends three stocks to buy today —January 31, 2025 - Same day duplicate found - Similarity: 1.00
2025-01-31 19:59:13 - INFO - Duplicate found - Headline: Buy or sell: Vaishali Parekh recommends three stocks to buy today —January 31, 2025 - Same day duplicate found - Similarity: 1.00
2025-01-31 19:59:13 - INFO - Duplicate found - Headline: Tata Consumer Products Q3 Results: Revenue rises 17% but margin narrows on higher costs - Same day duplicate found - Similarity: 1.00
2025-01-31 19:59:13 - INFO - Duplicate found - Headline: Tata Consumer Products Q3 Results: Revenue rises 17% but margin narrows on higher costs - Same day duplicate found - Similarity: 1.00
2025-01-31 19:59:13 - INFO - Duplicate found - Headline: Tata Motors shares under pressure after Q3 miss, guidance cut. What should investors do? - Same day duplicate found - Similarity: 1.00
2025-01-31 19:59:13 - INFO - Duplicate found - Headline: Tata Motors shares under pressure after Q3 miss, guidance cut. What should investors do? - Same day duplicate found - Similarity: 1.00
2025-01-31 19:59:13 - INFO - Duplicate found - Headline: Elon Musk is sleeping in DOGE office in Washington: Report - Same day duplicate found - Similarity: 1.00
2025-01-31 19:59:13 - INFO - Duplicate found - Headline: Elon Musk is sleeping in DOGE office in Washington: Report - Same day duplicate found - Similarity: 1.00
2025-01-31 19:59:14 - INFO - Duplicate found - Headline: South Africa beat Australia to qualify for U19WC 2025 decider - Same day duplicate found - Similarity: 1.00
2025-01-31 19:59:14 - INFO - Duplicate found - Headline: South Africa beat Australia to qualify for U19WC 2025 decider - Same day duplicate found - Similarity: 1.00
2025-01-31 19:59:14 - INFO - Duplicate found - Headline: Newly Discovered Asteroid Has a Real Chance of Hitting Earth in 2032, Scientists Say - Same day duplicate found - Similarity: 1.00
2025-01-31 19:59:14 - INFO - Duplicate found - Headline: Newly Discovered Asteroid Has a Real Chance of Hitting Earth in 2032, Scientists Say - Same day duplicate found - Similarity: 1.00
2025-01-31 19:59:14 - INFO - Pipeline completed. Stored: 8, Skipped: 182, Duration: 14.89s
2025-01-31 19:59:14 - INFO - Waiting 1800 seconds until next run...
2025-01-31 19:59:23 - INFO - Pipeline stopped by user
2025-02-01 11:58:32 - INFO - Starting news pipeline execution
2025-02-01 11:58:33 - ERROR - Pipeline failed: 'ContentScrapper' object has no attribute 'find_top_stories'
2025-02-01 11:58:33 - ERROR - Traceback (most recent call last):
  File "/Users/nandhakishorecs/Documents/IITM/Jan_2025/DA5402/Assignment1/module6.py", line 36, in run_pipeline
    top_stories_url = top_stories_scraper.find_top_stories()
                      ^^^^^^^^^^^^^^^^^^^^^^^^^^^^^^^^^^^^
AttributeError: 'ContentScrapper' object has no attribute 'find_top_stories'

2025-02-01 11:58:33 - INFO - Waiting 1800 seconds until next run...
2025-02-01 11:58:37 - INFO - Pipeline stopped by user
2025-02-01 11:58:51 - INFO - Starting news pipeline execution
2025-02-01 11:59:00 - ERROR - Pipeline failed: name 'config' is not defined
2025-02-01 11:59:00 - ERROR - Traceback (most recent call last):
  File "/Users/nandhakishorecs/Documents/IITM/Jan_2025/DA5402/Assignment1/module6.py", line 47, in run_pipeline
    db = NewsDB(config)
  File "/Users/nandhakishorecs/Documents/IITM/Jan_2025/DA5402/Assignment1/module4.py", line 32, in __init__
    self._duplicate_checker = DuplicationChecker(config)
                                                 ^^^^^^
NameError: name 'config' is not defined

2025-02-01 11:59:00 - INFO - Waiting 1800 seconds until next run...
2025-02-01 11:59:10 - INFO - Pipeline stopped by user
2025-02-01 11:59:53 - INFO - Starting news pipeline execution
2025-02-01 12:00:08 - INFO - Duplicate found - Headline: ‘In poor taste…entirely avoidable’: Rashtrapati Bhavan responds to Sonia Gandhi’s remark on President Murmu’s address - Different day duplicate found - Similarity: 1.00
2025-02-01 12:00:08 - ERROR - Error storing article: 'headline'
2025-02-01 12:00:09 - INFO - Duplicate found - Headline: Kejriwal reaches EC office, alleges poll body 'shooting the messenger' - Different day duplicate found - Similarity: 1.00
2025-02-01 12:00:09 - ERROR - Error storing article: 'headline'
2025-02-01 12:00:19 - INFO - Duplicate found - Headline: Silicon Valley consortium values London Spirit at £295 million in Hundred coup - Different day duplicate found - Similarity: 1.00
2025-02-01 12:00:19 - ERROR - Error storing article: 'headline'
2025-02-01 12:00:26 - INFO - Duplicate found - Headline: South Africa beat Australia to qualify for U19WC 2025 decider - Different day duplicate found - Similarity: 1.00
2025-02-01 12:00:26 - ERROR - Error storing article: 'headline'
2025-02-01 12:00:35 - INFO - Duplicate found - Headline: Kejriwal reaches EC office, alleges poll body 'shooting the messenger' - Different day duplicate found - Similarity: 1.00
2025-02-01 12:00:35 - ERROR - Error storing article: 'headline'
2025-02-01 12:00:47 - INFO - Duplicate found - Headline: Silicon Valley consortium values London Spirit at £295 million in Hundred coup - Different day duplicate found - Similarity: 1.00
2025-02-01 12:00:47 - ERROR - Error storing article: 'headline'
2025-02-01 12:00:51 - INFO - Duplicate found - Headline: South Africa beat Australia to qualify for U19WC 2025 decider - Different day duplicate found - Similarity: 1.00
2025-02-01 12:00:51 - ERROR - Error storing article: 'headline'
2025-02-01 12:00:51 - INFO - Pipeline completed. Stored: 88, Skipped: 7, Duration: 58.72s
2025-02-01 12:00:51 - INFO - Waiting 1800 seconds until next run...
2025-02-01 12:00:57 - INFO - Pipeline stopped by user
2025-02-01 12:02:23 - INFO - Starting news pipeline execution
2025-02-01 12:02:36 - INFO - Duplicate found - Headline: ‘In poor taste…entirely avoidable’: Rashtrapati Bhavan responds to Sonia Gandhi’s remark on President Murmu’s address - Different day duplicate found - Similarity: 1.00
2025-02-01 12:02:36 - INFO - Duplicate found - Headline: ‘In poor taste…entirely avoidable’: Rashtrapati Bhavan responds to Sonia Gandhi’s remark on President Murmu’s address - Different day duplicate found - Similarity: 1.00
2025-02-01 12:02:38 - INFO - Duplicate found - Headline: Kejriwal reaches EC office, alleges poll body 'shooting the messenger' - Different day duplicate found - Similarity: 1.00
2025-02-01 12:02:38 - INFO - Duplicate found - Headline: Kejriwal reaches EC office, alleges poll body 'shooting the messenger' - Different day duplicate found - Similarity: 1.00
2025-02-01 12:02:41 - INFO - Duplicate found - Headline: Meet Himanshu Sangwan, the Railways seamer who spoiled Kohli's Ranji Trophy return - Different day duplicate found - Similarity: 1.00
2025-02-01 12:02:41 - INFO - Duplicate found - Headline: Meet Himanshu Sangwan, the Railways seamer who spoiled Kohli's Ranji Trophy return - Different day duplicate found - Similarity: 1.00
2025-02-01 12:02:45 - INFO - Duplicate found - Headline: Stocks to Watch on February 1: ONGC, Sun Pharma, LIC Housing Finance, IndusInd Bank and more - Different day duplicate found - Similarity: 1.00
2025-02-01 12:02:45 - INFO - Duplicate found - Headline: Stocks to Watch on February 1: ONGC, Sun Pharma, LIC Housing Finance, IndusInd Bank and more - Different day duplicate found - Similarity: 1.00
2025-02-01 12:02:49 - INFO - Duplicate found - Headline: Silicon Valley consortium values London Spirit at £295 million in Hundred coup - Different day duplicate found - Similarity: 1.00
2025-02-01 12:02:49 - INFO - Duplicate found - Headline: Silicon Valley consortium values London Spirit at £295 million in Hundred coup - Different day duplicate found - Similarity: 1.00
2025-02-01 12:02:50 - INFO - Duplicate found - Headline: Sky Force Day 8 India Box Office: Akshay Kumar, Veer Pahariya starrer patriotic actioner adds Rs 2.75 crore on 2nd Friday - Different day duplicate found - Similarity: 1.00
2025-02-01 12:02:50 - INFO - Duplicate found - Headline: Sky Force Day 8 India Box Office: Akshay Kumar, Veer Pahariya starrer patriotic actioner adds Rs 2.75 crore on 2nd Friday - Different day duplicate found - Similarity: 1.00
2025-02-01 12:02:54 - INFO - Duplicate found - Headline: South Africa beat Australia to qualify for U19WC 2025 decider - Different day duplicate found - Similarity: 1.00
2025-02-01 12:02:54 - INFO - Duplicate found - Headline: South Africa beat Australia to qualify for U19WC 2025 decider - Different day duplicate found - Similarity: 1.00
2025-02-01 12:03:01 - INFO - Duplicate found - Headline: Kejriwal reaches EC office, alleges poll body 'shooting the messenger' - Different day duplicate found - Similarity: 1.00
2025-02-01 12:03:01 - INFO - Duplicate found - Headline: Kejriwal reaches EC office, alleges poll body 'shooting the messenger' - Different day duplicate found - Similarity: 1.00
2025-02-01 12:03:06 - INFO - Duplicate found - Headline: Meet Himanshu Sangwan, the Railways seamer who spoiled Kohli's Ranji Trophy return - Different day duplicate found - Similarity: 1.00
2025-02-01 12:03:06 - INFO - Duplicate found - Headline: Meet Himanshu Sangwan, the Railways seamer who spoiled Kohli's Ranji Trophy return - Different day duplicate found - Similarity: 1.00
2025-02-01 12:03:09 - INFO - Duplicate found - Headline: Stocks to Watch on February 1: ONGC, Sun Pharma, LIC Housing Finance, IndusInd Bank and more - Different day duplicate found - Similarity: 1.00
2025-02-01 12:03:09 - INFO - Duplicate found - Headline: Stocks to Watch on February 1: ONGC, Sun Pharma, LIC Housing Finance, IndusInd Bank and more - Different day duplicate found - Similarity: 1.00
2025-02-01 12:03:13 - INFO - Duplicate found - Headline: Silicon Valley consortium values London Spirit at £295 million in Hundred coup - Different day duplicate found - Similarity: 1.00
2025-02-01 12:03:13 - INFO - Duplicate found - Headline: Silicon Valley consortium values London Spirit at £295 million in Hundred coup - Different day duplicate found - Similarity: 1.00
2025-02-01 12:03:18 - INFO - Duplicate found - Headline: South Africa beat Australia to qualify for U19WC 2025 decider - Different day duplicate found - Similarity: 1.00
2025-02-01 12:03:18 - INFO - Duplicate found - Headline: South Africa beat Australia to qualify for U19WC 2025 decider - Different day duplicate found - Similarity: 1.00
2025-02-01 12:03:19 - INFO - Pipeline completed. Stored: 86, Skipped: 12, Duration: 56.07s
2025-02-01 12:03:19 - INFO - Waiting 1800 seconds until next run...
2025-02-01 12:03:29 - INFO - Pipeline stopped by user
2025-02-01 12:04:29 - INFO - Starting news pipeline execution
2025-02-01 12:04:43 - INFO - Duplicate found - Headline: Kejriwal reaches EC office, alleges poll body 'shooting the messenger' - Different day duplicate found - Similarity: 1.00
2025-02-01 12:04:43 - INFO - Duplicate found - Headline: Kejriwal reaches EC office, alleges poll body 'shooting the messenger' - Different day duplicate found - Similarity: 1.00
2025-02-01 12:04:49 - INFO - Duplicate found - Headline: Meet Himanshu Sangwan, the Railways seamer who spoiled Kohli's Ranji Trophy return - Different day duplicate found - Similarity: 1.00
2025-02-01 12:04:49 - INFO - Duplicate found - Headline: Meet Himanshu Sangwan, the Railways seamer who spoiled Kohli's Ranji Trophy return - Different day duplicate found - Similarity: 1.00
2025-02-01 12:04:51 - INFO - Duplicate found - Headline: Stocks to Watch on February 1: ONGC, Sun Pharma, LIC Housing Finance, IndusInd Bank and more - Different day duplicate found - Similarity: 1.00
2025-02-01 12:04:51 - INFO - Duplicate found - Headline: Stocks to Watch on February 1: ONGC, Sun Pharma, LIC Housing Finance, IndusInd Bank and more - Different day duplicate found - Similarity: 1.00
2025-02-01 12:04:55 - INFO - Duplicate found - Headline: Silicon Valley consortium values London Spirit at £295 million in Hundred coup - Different day duplicate found - Similarity: 1.00
2025-02-01 12:04:55 - INFO - Duplicate found - Headline: Silicon Valley consortium values London Spirit at £295 million in Hundred coup - Different day duplicate found - Similarity: 1.00
2025-02-01 12:04:59 - INFO - Duplicate found - Headline: South Africa beat Australia to qualify for U19WC 2025 decider - Different day duplicate found - Similarity: 1.00
2025-02-01 12:04:59 - INFO - Duplicate found - Headline: South Africa beat Australia to qualify for U19WC 2025 decider - Different day duplicate found - Similarity: 1.00
2025-02-01 12:05:03 - INFO - Duplicate found - Headline: ‘In poor taste…entirely avoidable’: Rashtrapati Bhavan responds to Sonia Gandhi’s remark on President Murmu’s address - Different day duplicate found - Similarity: 1.00
2025-02-01 12:05:03 - INFO - Duplicate found - Headline: ‘In poor taste…entirely avoidable’: Rashtrapati Bhavan responds to Sonia Gandhi’s remark on President Murmu’s address - Different day duplicate found - Similarity: 1.00
2025-02-01 12:05:05 - INFO - Duplicate found - Headline: Kejriwal reaches EC office, alleges poll body 'shooting the messenger' - Different day duplicate found - Similarity: 1.00
2025-02-01 12:05:05 - INFO - Duplicate found - Headline: Kejriwal reaches EC office, alleges poll body 'shooting the messenger' - Different day duplicate found - Similarity: 1.00
2025-02-01 12:05:08 - INFO - Duplicate found - Headline: Meet Himanshu Sangwan, the Railways seamer who spoiled Kohli's Ranji Trophy return - Different day duplicate found - Similarity: 1.00
2025-02-01 12:05:08 - INFO - Duplicate found - Headline: Meet Himanshu Sangwan, the Railways seamer who spoiled Kohli's Ranji Trophy return - Different day duplicate found - Similarity: 1.00
2025-02-01 12:05:12 - INFO - Duplicate found - Headline: Stocks to Watch on February 1: ONGC, Sun Pharma, LIC Housing Finance, IndusInd Bank and more - Different day duplicate found - Similarity: 1.00
2025-02-01 12:05:12 - INFO - Duplicate found - Headline: Stocks to Watch on February 1: ONGC, Sun Pharma, LIC Housing Finance, IndusInd Bank and more - Different day duplicate found - Similarity: 1.00
2025-02-01 12:05:14 - INFO - Duplicate found - Headline: Silicon Valley consortium values London Spirit at £295 million in Hundred coup - Different day duplicate found - Similarity: 1.00
2025-02-01 12:05:14 - INFO - Duplicate found - Headline: Silicon Valley consortium values London Spirit at £295 million in Hundred coup - Different day duplicate found - Similarity: 1.00
2025-02-01 12:05:18 - INFO - Duplicate found - Headline: South Africa beat Australia to qualify for U19WC 2025 decider - Different day duplicate found - Similarity: 1.00
2025-02-01 12:05:18 - INFO - Duplicate found - Headline: South Africa beat Australia to qualify for U19WC 2025 decider - Different day duplicate found - Similarity: 1.00
2025-02-01 12:05:19 - INFO - Pipeline completed. Stored: 84, Skipped: 11, Duration: 50.04s
2025-02-01 12:05:19 - INFO - Waiting 60 seconds until next run...
2025-02-01 12:06:19 - INFO - Starting news pipeline execution
2025-02-01 12:06:33 - INFO - Duplicate found - Headline: Kejriwal reaches EC office, alleges poll body 'shooting the messenger' - Different day duplicate found - Similarity: 1.00
2025-02-01 12:06:33 - INFO - Duplicate found - Headline: Kejriwal reaches EC office, alleges poll body 'shooting the messenger' - Different day duplicate found - Similarity: 1.00
2025-02-01 12:06:37 - INFO - Duplicate found - Headline: Meet Himanshu Sangwan, the Railways seamer who spoiled Kohli's Ranji Trophy return - Different day duplicate found - Similarity: 1.00
2025-02-01 12:06:37 - INFO - Duplicate found - Headline: Meet Himanshu Sangwan, the Railways seamer who spoiled Kohli's Ranji Trophy return - Different day duplicate found - Similarity: 1.00
2025-02-01 12:06:40 - INFO - Duplicate found - Headline: Stocks to Watch on February 1: ONGC, Sun Pharma, LIC Housing Finance, IndusInd Bank and more - Different day duplicate found - Similarity: 1.00
2025-02-01 12:06:40 - INFO - Duplicate found - Headline: Stocks to Watch on February 1: ONGC, Sun Pharma, LIC Housing Finance, IndusInd Bank and more - Different day duplicate found - Similarity: 1.00
2025-02-01 12:06:42 - INFO - Duplicate found - Headline: Silicon Valley consortium values London Spirit at £295 million in Hundred coup - Different day duplicate found - Similarity: 1.00
2025-02-01 12:06:42 - INFO - Duplicate found - Headline: Silicon Valley consortium values London Spirit at £295 million in Hundred coup - Different day duplicate found - Similarity: 1.00
2025-02-01 12:06:46 - INFO - Duplicate found - Headline: South Africa beat Australia to qualify for U19WC 2025 decider - Different day duplicate found - Similarity: 1.00
2025-02-01 12:06:46 - INFO - Duplicate found - Headline: South Africa beat Australia to qualify for U19WC 2025 decider - Different day duplicate found - Similarity: 1.00
2025-02-01 12:06:50 - INFO - Duplicate found - Headline: Kejriwal reaches EC office, alleges poll body 'shooting the messenger' - Different day duplicate found - Similarity: 1.00
2025-02-01 12:06:50 - INFO - Duplicate found - Headline: Kejriwal reaches EC office, alleges poll body 'shooting the messenger' - Different day duplicate found - Similarity: 1.00
2025-02-01 12:06:51 - INFO - Duplicate found - Headline: ‘In poor taste…entirely avoidable’: Rashtrapati Bhavan responds to Sonia Gandhi’s remark on President Murmu’s address - Different day duplicate found - Similarity: 1.00
2025-02-01 12:06:51 - INFO - Duplicate found - Headline: ‘In poor taste…entirely avoidable’: Rashtrapati Bhavan responds to Sonia Gandhi’s remark on President Murmu’s address - Different day duplicate found - Similarity: 1.00
2025-02-01 12:06:59 - INFO - Duplicate found - Headline: Meet Himanshu Sangwan, the Railways seamer who spoiled Kohli's Ranji Trophy return - Different day duplicate found - Similarity: 1.00
2025-02-01 12:06:59 - INFO - Duplicate found - Headline: Meet Himanshu Sangwan, the Railways seamer who spoiled Kohli's Ranji Trophy return - Different day duplicate found - Similarity: 1.00
2025-02-01 12:07:02 - INFO - Duplicate found - Headline: Stocks to Watch on February 1: ONGC, Sun Pharma, LIC Housing Finance, IndusInd Bank and more - Different day duplicate found - Similarity: 1.00
2025-02-01 12:07:02 - INFO - Duplicate found - Headline: Stocks to Watch on February 1: ONGC, Sun Pharma, LIC Housing Finance, IndusInd Bank and more - Different day duplicate found - Similarity: 1.00
2025-02-01 12:07:06 - INFO - Duplicate found - Headline: Silicon Valley consortium values London Spirit at £295 million in Hundred coup - Different day duplicate found - Similarity: 1.00
2025-02-01 12:07:06 - INFO - Duplicate found - Headline: Silicon Valley consortium values London Spirit at £295 million in Hundred coup - Different day duplicate found - Similarity: 1.00
2025-02-01 12:07:10 - INFO - Duplicate found - Headline: South Africa beat Australia to qualify for U19WC 2025 decider - Different day duplicate found - Similarity: 1.00
2025-02-01 12:07:10 - INFO - Duplicate found - Headline: South Africa beat Australia to qualify for U19WC 2025 decider - Different day duplicate found - Similarity: 1.00
2025-02-01 12:07:12 - INFO - Pipeline completed. Stored: 83, Skipped: 11, Duration: 52.30s
2025-02-01 12:07:12 - INFO - Waiting 60 seconds until next run...
2025-02-01 12:07:34 - INFO - Pipeline stopped by user
2025-02-01 12:10:25 - INFO - Starting news pipeline execution
2025-02-01 12:10:37 - INFO - Duplicate found - Headline: Kejriwal reaches EC office, alleges poll body 'shooting the messenger' - Different day duplicate found - Similarity: 1.00
2025-02-01 12:10:37 - INFO - Duplicate found - Headline: Kejriwal reaches EC office, alleges poll body 'shooting the messenger' - Different day duplicate found - Similarity: 1.00
2025-02-01 12:10:37 - INFO - Duplicate found - Headline: ‘In poor taste…entirely avoidable’: Rashtrapati Bhavan responds to Sonia Gandhi’s remark on President Murmu’s address - Different day duplicate found - Similarity: 1.00
2025-02-01 12:10:37 - INFO - Duplicate found - Headline: ‘In poor taste…entirely avoidable’: Rashtrapati Bhavan responds to Sonia Gandhi’s remark on President Murmu’s address - Different day duplicate found - Similarity: 1.00
2025-02-01 12:10:42 - INFO - Duplicate found - Headline: Meet Himanshu Sangwan, the Railways seamer who spoiled Kohli's Ranji Trophy return - Different day duplicate found - Similarity: 1.00
2025-02-01 12:10:42 - INFO - Duplicate found - Headline: Meet Himanshu Sangwan, the Railways seamer who spoiled Kohli's Ranji Trophy return - Different day duplicate found - Similarity: 1.00
2025-02-01 12:10:45 - INFO - Duplicate found - Headline: Stocks to Watch on February 1: ONGC, Sun Pharma, LIC Housing Finance, IndusInd Bank and more - Different day duplicate found - Similarity: 1.00
2025-02-01 12:10:45 - INFO - Duplicate found - Headline: Stocks to Watch on February 1: ONGC, Sun Pharma, LIC Housing Finance, IndusInd Bank and more - Different day duplicate found - Similarity: 1.00
2025-02-01 12:10:46 - INFO - Duplicate found - Headline: Silicon Valley consortium values London Spirit at £295 million in Hundred coup - Different day duplicate found - Similarity: 1.00
2025-02-01 12:10:46 - INFO - Duplicate found - Headline: Silicon Valley consortium values London Spirit at £295 million in Hundred coup - Different day duplicate found - Similarity: 1.00
2025-02-01 12:10:47 - INFO - Duplicate found - Headline: Bombay High Court appoints ex-Supreme Court judge to mediate dispute between Lodha brothers - Different day duplicate found - Similarity: 1.00
2025-02-01 12:10:47 - INFO - Duplicate found - Headline: Bombay High Court appoints ex-Supreme Court judge to mediate dispute between Lodha brothers - Different day duplicate found - Similarity: 1.00
2025-02-01 12:10:50 - INFO - Duplicate found - Headline: South Africa beat Australia to qualify for U19WC 2025 decider - Different day duplicate found - Similarity: 1.00
2025-02-01 12:10:50 - INFO - Duplicate found - Headline: South Africa beat Australia to qualify for U19WC 2025 decider - Different day duplicate found - Similarity: 1.00
2025-02-01 12:10:55 - INFO - Duplicate found - Headline: Kejriwal reaches EC office, alleges poll body 'shooting the messenger' - Different day duplicate found - Similarity: 1.00
2025-02-01 12:10:55 - INFO - Duplicate found - Headline: Kejriwal reaches EC office, alleges poll body 'shooting the messenger' - Different day duplicate found - Similarity: 1.00
2025-02-01 12:10:56 - INFO - Duplicate found - Headline: ‘In poor taste…entirely avoidable’: Rashtrapati Bhavan responds to Sonia Gandhi’s remark on President Murmu’s address - Different day duplicate found - Similarity: 1.00
2025-02-01 12:10:56 - INFO - Duplicate found - Headline: ‘In poor taste…entirely avoidable’: Rashtrapati Bhavan responds to Sonia Gandhi’s remark on President Murmu’s address - Different day duplicate found - Similarity: 1.00
2025-02-01 12:11:00 - INFO - Duplicate found - Headline: Meet Himanshu Sangwan, the Railways seamer who spoiled Kohli's Ranji Trophy return - Different day duplicate found - Similarity: 1.00
2025-02-01 12:11:00 - INFO - Duplicate found - Headline: Meet Himanshu Sangwan, the Railways seamer who spoiled Kohli's Ranji Trophy return - Different day duplicate found - Similarity: 1.00
2025-02-01 12:11:03 - INFO - Duplicate found - Headline: Stocks to Watch on February 1: ONGC, Sun Pharma, LIC Housing Finance, IndusInd Bank and more - Different day duplicate found - Similarity: 1.00
2025-02-01 12:11:03 - INFO - Duplicate found - Headline: Stocks to Watch on February 1: ONGC, Sun Pharma, LIC Housing Finance, IndusInd Bank and more - Different day duplicate found - Similarity: 1.00
2025-02-01 12:11:04 - INFO - Duplicate found - Headline: Silicon Valley consortium values London Spirit at £295 million in Hundred coup - Different day duplicate found - Similarity: 1.00
2025-02-01 12:11:04 - INFO - Duplicate found - Headline: Silicon Valley consortium values London Spirit at £295 million in Hundred coup - Different day duplicate found - Similarity: 1.00
2025-02-01 12:11:05 - INFO - Duplicate found - Headline: Bombay High Court appoints ex-Supreme Court judge to mediate dispute between Lodha brothers - Different day duplicate found - Similarity: 1.00
2025-02-01 12:11:05 - INFO - Duplicate found - Headline: Bombay High Court appoints ex-Supreme Court judge to mediate dispute between Lodha brothers - Different day duplicate found - Similarity: 1.00
2025-02-01 12:11:08 - INFO - Duplicate found - Headline: South Africa beat Australia to qualify for U19WC 2025 decider - Different day duplicate found - Similarity: 1.00
2025-02-01 12:11:08 - INFO - Duplicate found - Headline: South Africa beat Australia to qualify for U19WC 2025 decider - Different day duplicate found - Similarity: 1.00
2025-02-01 12:11:09 - INFO - Pipeline completed. Stored: 84, Skipped: 14, Duration: 44.27s
2025-02-01 12:11:09 - INFO - Waiting 60 seconds until next run...
2025-02-01 12:11:28 - INFO - Pipeline stopped by user
2025-02-01 12:30:04 - INFO - Starting news pipeline execution
2025-02-01 12:30:16 - INFO - Duplicate found - Headline: Kejriwal reaches EC office, alleges poll body 'shooting the messenger' - Different day duplicate found - Similarity: 1.00
2025-02-01 12:30:16 - INFO - Duplicate found - Headline: Kejriwal reaches EC office, alleges poll body 'shooting the messenger' - Different day duplicate found - Similarity: 1.00
2025-02-01 12:30:16 - INFO - Duplicate found - Headline: ‘In poor taste…entirely avoidable’: Rashtrapati Bhavan responds to Sonia Gandhi’s remark on President Murmu’s address - Different day duplicate found - Similarity: 1.00
2025-02-01 12:30:16 - INFO - Duplicate found - Headline: ‘In poor taste…entirely avoidable’: Rashtrapati Bhavan responds to Sonia Gandhi’s remark on President Murmu’s address - Different day duplicate found - Similarity: 1.00
2025-02-01 12:30:20 - INFO - Duplicate found - Headline: Ensure timely action by the police in criminal cases, Madras High Court tells the Tamil Nadu Home Secretary - Different day duplicate found - Similarity: 1.00
2025-02-01 12:30:20 - INFO - Duplicate found - Headline: Ensure timely action by the police in criminal cases, Madras High Court tells the Tamil Nadu Home Secretary - Different day duplicate found - Similarity: 1.00
2025-02-01 12:30:21 - INFO - 
Pipeline stopped by user

2025-02-01 21:59:14 - INFO - Starting news pipeline execution
2025-02-01 21:59:25 - INFO - Pipeline completed. Stored: 8, Skipped: 0, Duration: 11.40s
2025-02-01 21:59:25 - INFO - Waiting 60 seconds until next run...
2025-02-01 21:59:29 - INFO - Pipeline stopped by user
2025-02-02 00:11:20 - INFO - Starting news pipeline execution
2025-02-02 00:11:33 - INFO - Pipeline completed. Stored: 12, Skipped: 0, Duration: 13.56s
2025-02-02 00:11:33 - INFO - Waiting 60 seconds until next run...
2025-02-02 00:12:10 - INFO - Pipeline stopped by user
2025-02-02 00:12:22 - INFO - Starting news pipeline execution
2025-02-02 00:12:36 - INFO - Pipeline completed. Stored: 16, Skipped: 0, Duration: 13.76s
2025-02-02 00:12:36 - INFO - 
Waiting 60 seconds until next run...

2025-02-02 00:12:46 - INFO - 
Pipeline stopped by user

2025-02-02 00:13:37 - INFO - Starting news pipeline execution
2025-02-02 00:13:54 - INFO - Pipeline completed. Stored: 12, Skipped: 0, Duration: 17.01s
2025-02-02 00:13:54 - INFO - 
Waiting 60 seconds until next run...

2025-02-02 00:14:07 - INFO - 
Pipeline stopped by user

2025-02-02 00:17:22 - INFO - Starting news pipeline execution
2025-02-02 00:17:29 - INFO - Pipeline stopped by user
2025-02-02 00:17:35 - INFO - Starting news pipeline execution
2025-02-02 00:17:51 - INFO - Pipeline completed. Stored: 8, Skipped: 0, Duration: 16.12s
2025-02-02 00:17:51 - INFO - 
Waiting 60 seconds until next run...

2025-02-02 00:18:51 - INFO - Starting news pipeline execution
2025-02-02 00:19:06 - INFO - Pipeline completed. Stored: 8, Skipped: 0, Duration: 15.03s
2025-02-02 00:19:06 - INFO - 
Waiting 60 seconds until next run...

2025-02-02 00:20:06 - INFO - Starting news pipeline execution
2025-02-02 00:20:22 - INFO - Pipeline completed. Stored: 10, Skipped: 0, Duration: 15.55s
2025-02-02 00:20:22 - INFO - 
Waiting 60 seconds until next run...

2025-02-02 00:21:22 - INFO - Starting news pipeline execution
2025-02-02 00:21:40 - INFO - Pipeline completed. Stored: 12, Skipped: 0, Duration: 18.42s
2025-02-02 00:21:40 - INFO - 
Waiting 60 seconds until next run...

2025-02-02 00:22:40 - INFO - Starting news pipeline execution
2025-02-02 00:22:55 - INFO - Pipeline completed. Stored: 10, Skipped: 0, Duration: 15.01s
2025-02-02 00:22:55 - INFO - 
Waiting 60 seconds until next run...

2025-02-02 00:23:55 - INFO - Starting news pipeline execution
2025-02-02 00:24:07 - INFO - Pipeline completed. Stored: 10, Skipped: 0, Duration: 12.21s
2025-02-02 00:24:07 - INFO - 
Waiting 60 seconds until next run...

2025-02-02 00:25:07 - INFO - Starting news pipeline execution
2025-02-02 00:25:20 - INFO - Pipeline completed. Stored: 12, Skipped: 0, Duration: 12.36s
2025-02-02 00:25:20 - INFO - 
Waiting 60 seconds until next run...

2025-02-02 00:26:20 - INFO - Starting news pipeline execution
2025-02-02 00:26:31 - INFO - Pipeline completed. Stored: 8, Skipped: 0, Duration: 10.86s
2025-02-02 00:26:31 - INFO - 
Waiting 60 seconds until next run...

2025-02-02 00:27:31 - INFO - Starting news pipeline execution
2025-02-02 00:27:42 - INFO - Pipeline completed. Stored: 8, Skipped: 0, Duration: 11.70s
2025-02-02 00:27:42 - INFO - 
Waiting 60 seconds until next run...

2025-02-02 00:28:42 - INFO - Starting news pipeline execution
2025-02-02 00:28:53 - INFO - Pipeline completed. Stored: 10, Skipped: 0, Duration: 11.18s
2025-02-02 00:28:53 - INFO - 
Waiting 60 seconds until next run...

2025-02-02 00:29:53 - INFO - Starting news pipeline execution
2025-02-02 00:30:03 - INFO - Pipeline completed. Stored: 6, Skipped: 0, Duration: 10.04s
2025-02-02 00:30:03 - INFO - 
Waiting 60 seconds until next run...

2025-02-02 00:31:03 - INFO - Starting news pipeline execution
2025-02-02 00:31:14 - INFO - Pipeline completed. Stored: 10, Skipped: 0, Duration: 10.99s
2025-02-02 00:31:14 - INFO - 
Waiting 60 seconds until next run...

2025-02-02 00:32:14 - INFO - Starting news pipeline execution
2025-02-02 00:32:25 - INFO - Pipeline completed. Stored: 8, Skipped: 0, Duration: 10.20s
2025-02-02 00:32:25 - INFO - 
Waiting 60 seconds until next run...

2025-02-02 00:33:25 - INFO - Starting news pipeline execution
2025-02-02 00:33:34 - INFO - Pipeline completed. Stored: 6, Skipped: 0, Duration: 9.20s
2025-02-02 00:33:34 - INFO - 
Waiting 60 seconds until next run...

2025-02-02 00:34:34 - INFO - Starting news pipeline execution
2025-02-02 00:34:44 - INFO - Pipeline completed. Stored: 8, Skipped: 0, Duration: 9.84s
2025-02-02 00:34:44 - INFO - 
Waiting 60 seconds until next run...

2025-02-02 00:35:44 - INFO - Starting news pipeline execution
2025-02-02 00:35:54 - INFO - Pipeline completed. Stored: 10, Skipped: 0, Duration: 10.62s
2025-02-02 00:35:54 - INFO - 
Waiting 60 seconds until next run...

2025-02-02 00:36:54 - INFO - Starting news pipeline execution
2025-02-02 00:37:05 - INFO - Pipeline completed. Stored: 8, Skipped: 0, Duration: 10.85s
2025-02-02 00:37:05 - INFO - 
Waiting 60 seconds until next run...

2025-02-02 00:38:05 - INFO - Starting news pipeline execution
2025-02-02 00:38:13 - INFO - Pipeline completed. Stored: 4, Skipped: 0, Duration: 8.13s
2025-02-02 00:38:13 - INFO - 
Waiting 60 seconds until next run...

2025-02-02 00:39:13 - INFO - Starting news pipeline execution
2025-02-02 00:39:26 - INFO - Pipeline completed. Stored: 14, Skipped: 0, Duration: 12.44s
2025-02-02 00:39:26 - INFO - 
Waiting 60 seconds until next run...

2025-02-02 00:40:26 - INFO - Starting news pipeline execution
2025-02-02 00:40:36 - INFO - Pipeline completed. Stored: 9, Skipped: 0, Duration: 10.49s
2025-02-02 00:40:36 - INFO - 
Waiting 60 seconds until next run...

2025-02-02 00:41:36 - INFO - Starting news pipeline execution
2025-02-02 00:41:42 - INFO - 
Pipeline stopped by user

2025-02-02 00:42:21 - INFO - Starting news pipeline execution
2025-02-02 00:42:37 - INFO - Pipeline completed. Stored: 11, Skipped: 0, Duration: 16.44s
2025-02-02 00:42:37 - INFO - 
Waiting 60 seconds until next run...

2025-02-02 00:42:37 - INFO - 
Pipeline stopped by user

2025-02-02 00:43:58 - INFO - Starting news pipeline execution
2025-02-02 00:44:13 - INFO - Pipeline completed. Stored: 11, Skipped: 0, Duration: 14.44s
2025-02-02 00:44:13 - INFO - Waiting 60 seconds until next run...
2025-02-02 00:44:17 - INFO - Pipeline stopped by user
